1.4272737 2.0371103 2.0371103
1.4807854 2.1955889 2.1927254
1.5038626 2.2645769 2.2616028
1.5132476 2.2924132 2.2899184
1.5197554 2.3118218 2.3096566
1.5132798 2.2920298 2.2900157
1.5128758 2.2905205 2.2887931
1.5119808 2.2876030 2.2860860
1.5093546 2.2795549 2.2781513
1.5025744 2.2594069 2.2577299
1.4983355 2.2467136 2.2450094
1.5011495 2.2550991 2.2534498
1.5042107 2.2642846 2.2626498
1.5044133 2.2647779 2.2632593
1.5039883 2.2634008 2.2619809
1.4987757 2.2480673 2.2463285
1.5020993 2.2581156 2.2563023
1.5072047 2.2738216 2.2716660
1.5076699 2.2751146 2.2730686
1.5044102 2.2653957 2.2632500
1.5055133 2.2686379 2.2665702
1.5059933 2.2699944 2.2680157
1.5088329 2.2786468 2.2765768
1.5062444 2.2709100 2.2687721
1.5063368 2.2711030 2.2690505
1.5050541 2.2672027 2.2651879
1.5027735 2.2604035 2.2583281
1.5014664 2.2564486 2.2544013
1.5035693 2.2628213 2.2607207
1.5025474 2.2597095 2.2576486
1.5017248 2.2571921 2.2551775
1.5026126 2.2598208 2.2578447
1.5015282 2.2565407 2.2545868
1.4995156 2.2505771 2.2485470
1.4999743 2.2519023 2.2499230
1.5003018 2.2528336 2.2509055
1.5024993 2.2595539 2.2575041
1.5040266 2.2641780 2.2620959
1.5028602 2.2606692 2.2585888
1.5008708 2.2547958 2.2526130
1.5015205 2.2567102 2.2545638
1.5001891 2.2527354 2.2505674
1.5009318 2.2549370 2.2527962
1.5002397 2.2528318 2.2507191
1.5008477 2.2546259 2.2525439
1.4996075 2.2509287 2.2488227
1.4983349 2.2471431 2.2450074
1.4983221 2.2470604 2.2449693
1.4976928 2.2451514 2.2430839
1.4995762 2.2509288 2.2487288
1.5002675 2.2529832 2.2508025
1.5011098 2.2555054 2.2533305
1.4993327 2.2502967 2.2479986
1.4988876 2.2489301 2.2466641
1.4989429 2.2490549 2.2468299
1.4992322 2.2498871 2.2476972
1.4972649 2.2441705 2.2418023
1.4967223 2.2425217 2.2401775
1.4963250 2.2413022 2.2389886
1.4969607 2.2431901 2.2408912
1.4970920 2.2435465 2.2412843
1.4971503 2.2436848 2.2414589
1.4977605 2.2455001 2.2432864
1.4977005 2.2452862 2.2431069
1.4969989 2.2431830 2.2410057
1.4971201 2.2435137 2.2413685
1.4982432 2.2469293 2.2447328
1.4992418 2.2499570 2.2477260
1.4999336 2.2520320 2.2498007
1.4992566 2.2500012 2.2477703
1.4995679 2.2509103 2.2487039
1.4992696 2.2499912 2.2478092
1.4993033 2.2500625 2.2479103
1.4993367 2.2501339 2.2480107
1.4995543 2.2507615 2.2486631
1.4995395 2.2506896 2.2486188
1.4992347 2.2497558 2.2477048
1.4994067 2.2502474 2.2482205
1.5002947 2.2529469 2.2508841
1.5007524 2.2543114 2.2522578
1.5009068 2.2547513 2.2527212
1.5010444 2.2551412 2.2531343
1.5009037 2.2546961 2.2527118
1.5015361 2.2566045 2.2546106
1.5012827 2.2558255 2.2538496
1.5013994 2.2561543 2.2542003
1.5013662 2.2560320 2.2541003
1.5012880 2.2557758 2.2538655
1.5012710 2.2557034 2.2538146
1.5010946 2.2551557 2.2532851
1.5006457 2.2538055 2.2519374
1.5002087 2.2524913 2.2506261
1.4999658 2.2517479 2.2498973
1.5003244 2.2528163 2.2509734
1.5001017 2.2521332 2.2503050
1.5003075 2.2527358 2.2509226
1.4994292 2.2501564 2.2482879
1.4989734 2.2487910 2.2469214
1.4981433 2.2463516 2.2444333
1.4986539 2.2478883 2.2459634
