4.8762938 23.7782410 23.7782410
4.9745582 24.7558851 24.7462292
5.0560547 25.5834096 25.5636890
5.1019702 26.0512155 26.0301003
5.0885574 25.9110281 25.8934164
5.0675127 25.6965756 25.6796847
5.0775998 25.7971085 25.7820201
5.0469114 25.4911091 25.4713143
5.0269653 25.2911583 25.2703801
5.0100204 25.1215890 25.1003045
5.0047377 25.0670279 25.0473993
5.0117954 25.1366342 25.1180934
5.0202011 25.2203812 25.2024187
5.0197837 25.2149105 25.1982288
5.0113038 25.1297424 25.1131661
5.0074014 25.0898380 25.0740693
5.0065061 25.0799570 25.0651031
5.0108056 25.1225156 25.1081726
5.0152593 25.1667706 25.1528254
5.0220593 25.2352065 25.2210800
5.0243345 25.2574948 25.2439375
5.0307925 25.3226899 25.3088730
5.0275237 25.2894462 25.2759950
5.0332536 25.3472872 25.3336414
5.0372377 25.3872443 25.3737634
5.0368764 25.3830899 25.3701241
5.0388694 25.4027937 25.3902049
5.0442747 25.4576353 25.4447073
5.0478961 25.4941045 25.4812551
5.0521364 25.5370250 25.5240824
5.0468167 25.4837327 25.4703586
5.0544839 25.5625863 25.5478077
5.0525040 25.5422524 25.5277963
5.0516854 25.5335783 25.5195253
5.0512236 25.5285188 25.5148600
5.0513982 25.5299039 25.5166235
5.0531680 25.5475406 25.5345063
5.0571066 25.5875923 25.5743270
5.0525278 25.5417589 25.5280372
5.0523380 25.5394997 25.5261195
5.0467680 25.4841617 25.4698669
5.0435421 25.4516984 25.4373173
5.0430002 25.4459101 25.4318510
5.0423182 25.4387327 25.4249732
5.0414687 25.4298925 25.4164070
5.0406718 25.4215935 25.4083726
5.0367785 25.3827748 25.3691379
5.0373179 25.3879379 25.3745715
5.0343686 25.3583787 25.3448676
5.0332097 25.3465067 25.3332000
5.0299574 25.3140465 25.3004718
5.0333253 25.3482552 25.3343631
5.0298473 25.3136226 25.2993636
5.0314125 25.3292365 25.3151117
5.0316315 25.3311861 25.3173156
5.0310358 25.3249636 25.3113213
5.0313344 25.3277342 25.3143261
5.0299793 25.3139730 25.3006915
5.0292557 25.3064996 25.2934128
5.0281874 25.2956041 25.2826680
5.0293476 25.3071417 25.2943370
5.0288094 25.3015403 25.2889244
5.0259233 25.2728371 25.2599051
5.0243573 25.2570512 25.2441667
5.0249886 25.2632222 25.2505104
5.0271685 25.2852513 25.2724232
5.0288089 25.3017330 25.2889188
5.0305040 25.3187892 25.3059709
5.0301784 25.3153345 25.3026948
5.0277889 25.2915141 25.2786609
5.0261308 25.2748558 25.2619913
5.0251019 25.2644099 25.2516489
5.0251305 25.2645227 25.2519364
5.0259087 25.2722185 25.2597581
5.0244118 25.2571741 25.2447141
5.0260179 25.2733455 25.2608559
5.0279114 25.2924926 25.2798927
5.0279038 25.2922552 25.2798169
5.0270515 25.2835845 25.2712470
5.0278048 25.2910494 25.2788212
5.0270810 25.2836623 25.2715432
5.0292254 25.3054521 25.2931084
5.0293691 25.3067499 25.2945531
5.0293800 25.3067148 25.2946633
5.0286451 25.2992264 25.2872713
5.0283253 25.2958800 25.2840552
5.0269288 25.2818700 25.2700134
5.0242314 25.2552563 25.2429014
5.0234247 25.2470694 25.2347961
5.0218852 25.2316786 25.2193307
5.0220026 25.2327234 25.2205099
5.0221489 25.2340627 25.2219800
5.0239399 25.2522203 25.2399724
5.0246764 25.2595404 25.2473724
5.0235158 25.2478777 25.2357112
5.0232899 25.2454858 25.2334412
5.0225334 25.2378170 25.2258416
5.0214289 25.2267202 25.2147487
5.0202390 25.2147890 25.2027997
5.0201848 25.2141256 25.2022558
