0.996827 0.993664 0.993664
0.998056 0.996118 0.996117
0.997576 0.995160 0.995159
0.999566 0.999144 0.999131
0.999867 0.999744 0.999733
0.998606 0.997231 0.997214
0.998783 0.997582 0.997567
0.998351 0.996718 0.996704
0.998578 0.997171 0.997158
0.999450 0.998918 0.998899
0.999708 0.999433 0.999416
0.999614 0.999244 0.999228
0.999554 0.999122 0.999107
1.000059 1.000135 1.000117
0.999996 1.000007 0.999991
0.999187 0.998399 0.998374
0.999181 0.998386 0.998362
0.999189 0.998401 0.998379
0.999490 0.999004 0.998981
0.999445 0.998913 0.998891
0.999531 0.999083 0.999062
0.999720 0.999461 0.999440
0.999820 0.999660 0.999640
0.999494 0.999010 0.998988
0.999732 0.999486 0.999464
0.999777 0.999574 0.999553
0.999892 0.999804 0.999784
1.000105 1.000232 1.000211
1.000366 1.000754 1.000732
1.000175 1.000373 1.000350
1.000331 1.000685 1.000662
1.000391 1.000804 1.000782
1.000443 1.000908 1.000887
1.000596 1.001214 1.001193
1.000556 1.001133 1.001112
1.000430 1.000882 1.000861
1.000256 1.000533 1.000511
1.000328 1.000677 1.000656
1.000240 1.000502 1.000481
1.000216 1.000452 1.000432
1.000263 1.000546 1.000525
1.000426 1.000874 1.000853
1.000354 1.000728 1.000708
1.000279 1.000578 1.000558
1.000281 1.000582 1.000562
1.000224 1.000468 1.000449
1.000174 1.000367 1.000348
1.000045 1.000110 1.000091
1.000053 1.000125 1.000106
1.000024 1.000068 1.000049
0.999895 0.999808 0.999789
0.999825 0.999668 0.999649
0.999853 0.999724 0.999705
0.999764 0.999547 0.999528
0.999692 0.999402 0.999383
0.999605 0.999229 0.999210
0.999599 0.999216 0.999198
0.999645 0.999309 0.999291
0.999655 0.999329 0.999311
0.999686 0.999389 0.999372
0.999812 0.999642 0.999623
0.999875 0.999768 0.999750
0.999806 0.999630 0.999611
0.999730 0.999478 0.999459
0.999747 0.999513 0.999494
0.999664 0.999346 0.999328
0.999671 0.999361 0.999343
0.999666 0.999350 0.999333
0.999770 0.999558 0.999540
0.999898 0.999815 0.999796
0.999846 0.999712 0.999693
0.999827 0.999673 0.999654
0.999792 0.999603 0.999584
0.999732 0.999483 0.999464
0.999736 0.999490 0.999472
0.999700 0.999419 0.999401
0.999690 0.999398 0.999379
0.999757 0.999533 0.999515
0.999798 0.999614 0.999596
0.999829 0.999675 0.999657
0.999900 0.999819 0.999801
0.999939 0.999896 0.999878
0.999906 0.999830 0.999812
0.999937 0.999892 0.999875
0.999906 0.999830 0.999812
0.999869 0.999756 0.999738
0.999946 0.999911 0.999893
1.000004 1.000027 1.000009
1.000000 1.000018 1.000000
0.999972 0.999962 0.999944
0.999988 0.999993 0.999976
1.000011 1.000039 1.000021
1.000010 1.000037 1.000020
1.000058 1.000132 1.000115
1.000055 1.000127 1.000110
1.000061 1.000139 1.000122
1.000129 1.000276 1.000259
1.000120 1.000258 1.000241
1.000084 1.000185 1.000168
1.000117 1.000252 1.000235
