0.988977 0.978076 0.978076
0.988592 0.977314 0.977314
0.987856 0.975861 0.975860
0.992105 0.984328 0.984273
0.994708 0.989516 0.989445
0.996606 0.993301 0.993223
0.992195 0.984634 0.984452
0.992013 0.984251 0.984090
0.993776 0.987759 0.987592
0.997939 0.996188 0.995881
0.999535 0.999375 0.999071
0.999217 0.998714 0.998434
0.998490 0.997248 0.996983
0.998945 0.998139 0.997891
0.998940 0.998114 0.997882
0.995652 0.991703 0.991324
0.996018 0.992411 0.992052
0.995913 0.992183 0.991844
0.995106 0.990570 0.990236
0.995551 0.991442 0.991122
0.995894 0.992113 0.991805
0.995569 0.991453 0.991157
0.996633 0.993585 0.993277
0.997448 0.995213 0.994902
0.997289 0.994883 0.994584
0.998698 0.997735 0.997398
0.998951 0.998228 0.997902
0.999183 0.998683 0.998368
0.999268 0.998841 0.998536
0.999441 0.999178 0.998882
0.999975 1.000246 0.999951
1.000099 1.000485 1.000199
1.000129 1.000536 1.000259
1.000128 1.000526 1.000257
0.999192 0.998676 0.998385
0.999103 0.998490 0.998206
0.999002 0.998281 0.998005
0.998747 0.997768 0.997496
0.998988 0.998244 0.997978
0.998845 0.997952 0.997691
0.998322 0.996912 0.996647
0.997892 0.996055 0.995788
0.997591 0.995451 0.995187
0.997683 0.995629 0.995371
0.998059 0.996380 0.996121
0.997934 0.996127 0.995873
0.997905 0.996064 0.995815
0.997587 0.995429 0.995180
0.997764 0.995779 0.995534
0.997112 0.994492 0.994232
0.997124 0.994511 0.994256
0.997251 0.994761 0.994510
0.997466 0.995188 0.994939
0.997269 0.994793 0.994546
0.997417 0.995084 0.994841
0.997455 0.995155 0.994916
0.996868 0.993999 0.993745
0.996372 0.993021 0.992757
0.996276 0.992825 0.992565
0.996302 0.992873 0.992617
0.996128 0.992525 0.992272
0.995692 0.991663 0.991403
0.995596 0.991468 0.991211
0.995659 0.991590 0.991337
0.995586 0.991440 0.991191
0.995473 0.991214 0.990967
0.995261 0.990792 0.990545
0.995777 0.991832 0.991572
0.995954 0.992184 0.991925
0.996009 0.992289 0.992034
0.996012 0.992292 0.992041
0.996725 0.993745 0.993461
0.996843 0.993977 0.993696
0.996819 0.993926 0.993648
0.996788 0.993859 0.993585
0.997007 0.994298 0.994024
0.996930 0.994141 0.993870
0.996703 0.993687 0.993416
0.996689 0.993656 0.993388
0.996393 0.993071 0.992800
0.996535 0.993352 0.993083
0.997020 0.994335 0.994050
0.997062 0.994414 0.994132
0.997353 0.994999 0.994713
0.997590 0.995472 0.995185
0.997623 0.995536 0.995252
0.997413 0.995116 0.994832
0.997299 0.994888 0.994606
0.997380 0.995046 0.994767
0.997339 0.994961 0.994684
0.997183 0.994651 0.994375
0.997419 0.995123 0.994845
0.997324 0.994931 0.994655
0.997388 0.995055 0.994782
0.997557 0.995394 0.995120
0.997555 0.995387 0.995117
0.997284 0.994849 0.994575
0.997588 0.995463 0.995182
0.997246 0.994788 0.994499
0.997320 0.994934 0.994647
