0.01710155 0.00029246 0.00029246
0.01654554 0.00027406 0.00027375
0.01637488 0.00026840 0.00026814
0.01648930 0.00027213 0.00027190
0.01654713 0.00027401 0.00027381
0.01662635 0.00027664 0.00027644
0.01657261 0.00027484 0.00027465
0.01658178 0.00027512 0.00027496
0.01659693 0.00027561 0.00027546
0.01658369 0.00027515 0.00027502
0.01658931 0.00027533 0.00027521
0.01656835 0.00027463 0.00027451
0.01656428 0.00027449 0.00027438
0.01665578 0.00027763 0.00027742
0.01663112 0.00027680 0.00027659
0.01661101 0.00027612 0.00027593
0.01660000 0.00027575 0.00027556
0.01665399 0.00027758 0.00027736
0.01664380 0.00027723 0.00027702
0.01664046 0.00027711 0.00027690
0.01662345 0.00027654 0.00027634
0.01664233 0.00027717 0.00027697
0.01665642 0.00027763 0.00027744
0.01666216 0.00027782 0.00027763
0.01666737 0.00027798 0.00027780
0.01667398 0.00027820 0.00027802
0.01668827 0.00027867 0.00027850
0.01671032 0.00027942 0.00027923
0.01671914 0.00027971 0.00027953
0.01673067 0.00028009 0.00027992
0.01669416 0.00027891 0.00027869
0.01669329 0.00027887 0.00027867
0.01670543 0.00027927 0.00027907
0.01669982 0.00027908 0.00027888
0.01668430 0.00027857 0.00027837
0.01667475 0.00027824 0.00027805
0.01665664 0.00027765 0.00027744
0.01665522 0.00027759 0.00027740
0.01664651 0.00027730 0.00027711
0.01666665 0.00027798 0.00027778
0.01668055 0.00027845 0.00027824
0.01668715 0.00027867 0.00027846
0.01670907 0.00027942 0.00027919
0.01671897 0.00027975 0.00027952
0.01673360 0.00028024 0.00028001
0.01673786 0.00028038 0.00028016
0.01674425 0.00028059 0.00028037
0.01676483 0.00028129 0.00028106
0.01677151 0.00028152 0.00028128
0.01677464 0.00028162 0.00028139
0.01676937 0.00028144 0.00028121
0.01676123 0.00028116 0.00028094
0.01676802 0.00028139 0.00028117
0.01677165 0.00028151 0.00028129
0.01677652 0.00028167 0.00028145
0.01677554 0.00028163 0.00028142
0.01678179 0.00028184 0.00028163
0.01677474 0.00028160 0.00028139
0.01676905 0.00028141 0.00028120
0.01677056 0.00028146 0.00028125
0.01677204 0.00028150 0.00028130
0.01677854 0.00028172 0.00028152
0.01678752 0.00028202 0.00028182
0.01677977 0.00028176 0.00028156
0.01677379 0.00028156 0.00028136
0.01676995 0.00028143 0.00028123
0.01677409 0.00028157 0.00028137
0.01676280 0.00028120 0.00028099
0.01675429 0.00028091 0.00028071
0.01675487 0.00028093 0.00028073
0.01674931 0.00028074 0.00028054
0.01675383 0.00028089 0.00028069
0.01675037 0.00028077 0.00028057
0.01674929 0.00028073 0.00028054
0.01675589 0.00028096 0.00028076
0.01676304 0.00028120 0.00028100
0.01675383 0.00028089 0.00028069
0.01675338 0.00028088 0.00028068
0.01675004 0.00028076 0.00028056
0.01674934 0.00028074 0.00028054
0.01673751 0.00028035 0.00028014
0.01673621 0.00028030 0.00028010
0.01674538 0.00028061 0.00028041
0.01674446 0.00028058 0.00028038
0.01674302 0.00028053 0.00028033
0.01674332 0.00028054 0.00028034
0.01674371 0.00028055 0.00028035
0.01674392 0.00028055 0.00028036
0.01674564 0.00028061 0.00028042
0.01674055 0.00028044 0.00028025
0.01675160 0.00028082 0.00028062
0.01675730 0.00028101 0.00028081
0.01676539 0.00028128 0.00028108
0.01676478 0.00028126 0.00028106
0.01676854 0.00028139 0.00028118
0.01676530 0.00028128 0.00028108
0.01677094 0.00028147 0.00028126
0.01677438 0.00028158 0.00028138
0.01677353 0.00028155 0.00028135
0.01677306 0.00028153 0.00028134
