0.233443 0.054496 0.054496
0.237585 0.056464 0.056447
0.236007 0.055716 0.055699
0.235591 0.055516 0.055503
0.234704 0.055099 0.055086
0.235418 0.055435 0.055422
0.236452 0.055928 0.055910
0.235663 0.055557 0.055537
0.233845 0.054728 0.054683
0.232887 0.054285 0.054236
0.233085 0.054373 0.054329
0.233441 0.054537 0.054495
0.234141 0.054867 0.054822
0.234034 0.054813 0.054772
0.234411 0.054989 0.054949
0.234801 0.055172 0.055131
0.234634 0.055092 0.055053
0.234674 0.055109 0.055072
0.235088 0.055304 0.055266
0.234559 0.055059 0.055018
0.234018 0.054809 0.054764
0.233486 0.054565 0.054516
0.233416 0.054530 0.054483
0.233274 0.054462 0.054417
0.233739 0.054683 0.054634
0.233564 0.054600 0.054552
0.233575 0.054603 0.054557
0.233815 0.054715 0.054669
0.233797 0.054705 0.054661
0.233497 0.054566 0.054521
0.233349 0.054496 0.054452
0.233587 0.054608 0.054563
0.233269 0.054461 0.054414
0.233371 0.054508 0.054462
0.233749 0.054688 0.054639
0.233575 0.054606 0.054557
0.233501 0.054570 0.054523
0.233340 0.054495 0.054448
0.233248 0.054451 0.054405
0.233509 0.054575 0.054527
0.233471 0.054556 0.054509
0.233602 0.054616 0.054570
0.233781 0.054701 0.054654
0.233850 0.054732 0.054686
0.233848 0.054730 0.054685
0.233611 0.054621 0.054574
0.233530 0.054582 0.054536
0.233710 0.054667 0.054620
0.233687 0.054655 0.054610
0.233908 0.054760 0.054713
0.233822 0.054719 0.054673
0.234003 0.054804 0.054757
0.234028 0.054815 0.054769
0.234199 0.054896 0.054849
0.234343 0.054964 0.054917
0.234383 0.054982 0.054935
0.234719 0.055145 0.055093
0.234815 0.055190 0.055138
0.235037 0.055296 0.055242
0.235010 0.055283 0.055230
0.235025 0.055289 0.055237
0.235190 0.055367 0.055314
0.235229 0.055384 0.055332
0.235277 0.055407 0.055355
0.235154 0.055349 0.055297
0.235133 0.055338 0.055287
0.235188 0.055363 0.055313
0.235116 0.055330 0.055280
0.235210 0.055373 0.055324
0.235260 0.055396 0.055347
0.235312 0.055420 0.055372
0.235152 0.055346 0.055296
0.235086 0.055315 0.055265
0.235157 0.055348 0.055299
0.235143 0.055341 0.055292
0.235090 0.055315 0.055267
0.235042 0.055292 0.055245
0.235035 0.055288 0.055241
0.234968 0.055257 0.055210
0.234995 0.055269 0.055223
0.234980 0.055261 0.055216
0.234738 0.055152 0.055102
0.234716 0.055141 0.055092
0.234646 0.055108 0.055059
0.234569 0.055072 0.055023
0.234671 0.055120 0.055070
0.234602 0.055087 0.055038
0.234720 0.055143 0.055093
0.234618 0.055096 0.055046
0.234555 0.055066 0.055016
0.234630 0.055101 0.055051
0.234513 0.055047 0.054996
0.234513 0.055047 0.054996
0.234536 0.055057 0.055007
0.234434 0.055009 0.054959
0.234388 0.054988 0.054938
0.234447 0.055015 0.054965
0.234337 0.054964 0.054914
0.234342 0.054966 0.054916
0.234317 0.054954 0.054905
