-0.4331514 0.0000000
-0.4409592 0.0055209
-0.4372909 0.0047453
-0.4377625 0.0035823
-0.4409159 0.0040210
-0.4421742 0.0035422
-0.4431305 0.0031627
-0.4435725 0.0027980
-0.4434326 0.0024906
-0.4441291 0.0023369
-0.4446883 0.0021904
-0.4453219 0.0020975
-0.4454578 0.0019405
-0.4459055 0.0018528
-0.4450183 0.0019301
-0.4456502 0.0019101
-0.4454339 0.0018099
-0.4456147 0.0017184
-0.4457615 0.0016342
-0.4451835 0.0016515
-0.4453790 0.0015844
-0.4453948 0.0015125
-0.4451835 0.0014614
-0.4446101 0.0015088
-0.4447204 0.0014525
-0.4444346 0.0014245
-0.4441264 0.0014047
-0.4440353 0.0013575
-0.4437411 0.0013422
-0.4441142 0.0013483
-0.4441537 0.0013054
-0.4441124 0.0012652
-0.4436335 0.0013144
-0.4433844 0.0012991
-0.4433859 0.0012620
-0.4431725 0.0012449
-0.4431329 0.0012118
-0.4429396 0.0011953
-0.4428161 0.0011710
-0.4430736 0.0011697
-0.4430214 0.0011423
-0.4427581 0.0011451
-0.4428970 0.0011268
-0.4432065 0.0011429
-0.4435104 0.0011572
-0.4432514 0.0011607
-0.4432008 0.0011371
-0.4429820 0.0011342
-0.4426115 0.0011701
-0.4422936 0.0011891
-0.4421597 0.0011733
-0.4422179 0.0011521
-0.4423606 0.0011392
-0.4421832 0.0011318
-0.4424491 0.0011421
-0.4423788 0.0011238
-0.4424644 0.0011074
-0.4427086 0.0011149
-0.4427112 0.0010960
-0.4428305 0.0010842
-0.4426871 0.0010758
-0.4427587 0.0010609
-0.4425775 0.0010594
-0.4426951 0.0010493
-0.4427995 0.0010384
-0.4428860 0.0010262
-0.4428826 0.0010109
-0.4429049 0.0009963
-0.4428074 0.0009866
-0.4429660 0.0009852
-0.4431948 0.0009975
-0.4432451 0.0009849
-0.4432453 0.0009714
-0.4433995 0.0009705
-0.4435027 0.0009630
-0.4435618 0.0009521
-0.4436013 0.0009406
-0.4436714 0.0009311
-0.4435557 0.0009265
-0.4436191 0.0009171
-0.4435341 0.0009097
-0.4434397 0.0009035
-0.4434158 0.0008929
-0.4434299 0.0008824
-0.4436592 0.0009013
-0.4437388 0.0008944
-0.4437446 0.0008841
-0.4437826 0.0008749
-0.4437826 0.0008650
-0.4436333 0.0008682
-0.4436301 0.0008587
-0.4433798 0.0008851
-0.4434227 0.0008766
-0.4435114 0.0008718
-0.4434087 0.0008686
-0.4434751 0.0008621
-0.4434512 0.0008535
-0.4434540 0.0008448
-0.4435064 0.0008379
-0.4436062 0.0008355
