0.000000 0.000000
0.972496 0.002313
1.318509 0.004754
1.608683 0.006262
1.853612 0.007728
2.077073 0.008384
2.263043 0.009176
2.445273 0.009370
2.619077 0.010481
2.774877 0.011865
2.925622 0.012384
3.067433 0.013170
3.204740 0.014306
3.335397 0.014294
3.454026 0.015070
3.567447 0.015303
3.685680 0.015684
3.785347 0.015663
3.890282 0.015764
3.994261 0.016516
4.091650 0.017558
4.185767 0.017630
4.275398 0.017734
4.384668 0.017920
4.487742 0.018483
4.591168 0.019406
4.686848 0.020168
4.777348 0.020468
4.862178 0.020746
4.958703 0.021663
5.043307 0.022581
5.116982 0.022380
5.205483 0.022715
5.283565 0.023687
5.367877 0.023601
5.449646 0.024362
5.518901 0.025039
5.588338 0.026263
5.655345 0.026136
5.733414 0.026050
5.798214 0.026332
5.871302 0.026271
5.944937 0.025699
6.007090 0.026124
6.071427 0.026362
6.137988 0.026271
6.214735 0.027430
6.287330 0.027624
6.343540 0.027767
6.397874 0.027882
6.464786 0.028828
6.524421 0.029138
6.590718 0.028277
6.648728 0.029181
6.716985 0.028819
6.773138 0.029617
6.832947 0.028648
6.893097 0.028244
6.962575 0.027860
7.035514 0.028167
7.089444 0.028993
7.162133 0.027778
7.216185 0.027720
7.268722 0.027746
7.324202 0.028728
7.382451 0.029708
7.436754 0.029184
7.498649 0.029080
7.551370 0.029197
7.598088 0.030848
7.657150 0.031369
7.715942 0.030974
7.764498 0.031924
7.817314 0.031491
7.868827 0.032121
7.930808 0.032218
7.995570 0.032313
8.039851 0.032732
8.092588 0.033626
8.146476 0.033692
8.194769 0.034528
8.257987 0.035089
8.317466 0.033131
8.371186 0.033743
8.422708 0.034453
8.474627 0.034111
8.530849 0.033919
8.576026 0.033416
8.626510 0.033128
8.674418 0.032486
8.734574 0.033712
8.792921 0.033704
8.834867 0.033775
8.881543 0.033904
8.922590 0.033689
8.966709 0.032945
9.008982 0.033542
9.060899 0.033402
9.102747 0.034510
9.143439 0.035145
9.180269 0.035332
