0.000000 0.000000 0.000000 
0.086731 -0.472402 -0.662981 
0.756995 -0.102840 -0.300714 
0.403420 0.032318 0.051959 
0.481591 0.359851 -0.420700 
1.348120 -0.069512 -1.168637 
1.220375 -0.434970 -0.870064 
0.376312 -0.787010 -1.445084 
0.616945 -1.408897 -1.190867 
-0.265772 -1.877842 -1.143790 
-0.241322 -0.979683 -1.406606 
-0.967756 -0.728776 -1.025351 
-1.935261 -0.965384 -0.530405 
-1.735156 -0.165331 0.174514 
-2.318731 -0.977275 0.543901 
-1.696630 -0.497430 1.016620 
-0.942377 -0.358802 0.729973 
0.007851 -0.650469 -0.258200 
0.581093 -0.891520 0.568856 
0.261480 -1.637871 1.128702 
0.953697 -1.349504 1.573479 
0.067533 -1.681345 2.064947 
-0.349973 -2.181619 1.465193 
-0.756627 -1.342040 1.344715 
-0.975791 -1.775134 0.421773 
-1.685254 -2.085077 1.176636 
-0.870148 -2.383002 1.654631 
-0.662276 -3.176718 1.363338 
-1.097419 -2.896101 1.093265 
-1.591962 -3.716732 0.134555 
-2.411313 -3.265983 0.344687 
-1.691824 -3.952415 0.721305 
-1.949968 -3.722055 -0.239630 
-1.013696 -4.073324 -0.047207 
-0.175092 -4.553644 0.207803 
-0.806566 -4.142627 -0.403280 
-0.516211 -3.201160 -0.250351 
-0.623369 -2.245536 0.071653 
0.199977 -2.547534 0.591517 
-0.296738 -2.267997 0.400923 
-0.424039 -3.006656 0.505447 
-0.478884 -2.680565 0.447714 
-0.258060 -3.570671 -0.008176 
-0.022613 -3.926637 0.321210 
-0.475319 -3.270098 -0.005968 
-0.714311 -3.503021 0.268214 
-0.731816 -3.727899 1.104486 
-0.783558 -3.481543 1.141026 
-0.057384 -4.127285 0.474051 
0.030890 -3.193270 1.426354 
0.414520 -3.089743 0.881088 
0.655905 -3.411334 1.612224 
0.318779 -4.345189 0.644592 
0.896953 -5.137838 1.094474 
0.413822 -5.859090 0.105377 
0.290294 -5.816915 0.352244 
0.262891 -5.445924 0.479706 
-0.687244 -5.689924 0.951249 
-0.720877 -5.145020 1.799307 
-1.060570 -6.062248 2.498293 
-1.997403 -6.352987 1.874409 
-1.698148 -6.587089 1.402148 
-2.634005 -6.290534 0.777141 
-2.283037 -6.400460 1.325021 
-3.083359 -5.844635 1.899958 
-2.522725 -5.940409 2.117974 
-2.532811 -4.940567 1.680809 
-3.497292 -4.693294 1.719858 
-3.593454 -3.698271 1.864686 
-2.971165 -4.262837 1.636832 
-2.404262 -4.629091 2.422836 
-2.915915 -4.421946 3.152926 
-1.977695 -4.702742 3.401238 
-1.685511 -3.850937 3.956511 
-2.106356 -3.173154 3.988041 
-1.119012 -3.301283 4.761734 
-0.567467 -2.509495 4.883370 
-1.043296 -2.713930 4.906920 
-0.207034 -2.320961 5.636618 
0.553924 -2.002869 4.924134 
0.599954 -1.003947 4.078421 
0.380974 -0.481294 3.649584 
1.166608 0.108851 4.625156 
1.878342 0.550821 5.589142 
1.015099 0.383559 5.059271 
1.368491 1.312546 4.510706 
1.384559 1.721472 4.315911 
2.075361 1.595367 3.391196 
2.445609 2.324505 3.057486 
1.727427 2.780551 2.217071 
2.091042 2.947155 1.956750 
3.031727 2.754027 2.749562 
2.295540 2.200580 3.694017 
2.204858 1.825300 2.765091 
2.792114 2.613116 3.244336 
3.326147 1.770629 3.655433 
4.325143 1.773757 4.463191 
3.364098 1.531746 4.001152 
2.781872 2.059115 3.072429 
2.184193 2.548509 2.422664 
1.372566 3.060841 2.588950 
1.219790 3.111974 3.508667 
0.397962 2.622035 3.437830 
-0.436472 2.491385 3.415929 
-1.061802 2.914260 3.569688 
-1.854737 2.919772 2.659892 
-2.001989 2.814216 2.432024 
-1.855155 3.788323 1.607919 
-2.087478 2.906002 1.561356 
-2.806719 2.495518 1.368681 
-3.310351 2.270273 0.471794 
-3.156966 1.283027 1.034289 
-2.848668 1.936731 0.930543 
-3.620168 1.328172 0.937506 
-3.083764 1.994170 1.582936 
-3.269988 2.312054 0.934466 
-2.803586 2.974365 1.084158 
-3.193475 2.142973 0.785750 
-3.260259 1.377467 1.594993 
-2.851428 2.070032 2.054991 
-3.412746 2.282902 2.325609 
-3.300698 3.272580 2.227617 
-2.588710 3.040184 1.760207 
-1.814942 3.666936 2.560211 
-2.538161 3.014945 2.805484 
-2.608292 3.765127 2.881934 
-3.114527 4.626463 3.586320 
-2.394870 4.269287 3.897342 
-1.563946 4.793028 3.465735 
-1.698461 5.686711 2.881325 
-1.071090 6.324824 2.861573 
-1.446959 6.968869 2.297055 
-1.008008 6.631541 1.589295 
-0.114149 6.622094 2.537104 
-0.080024 5.965723 3.023445 
0.214532 6.490747 2.198696 
0.227436 5.744483 1.562313 
0.899905 5.620308 1.335001 
0.959364 6.513356 0.533880 
1.135756 5.596774 0.456589 
0.753226 6.295740 0.665496 
-0.097375 6.815478 1.505336 
0.875367 6.933197 1.907726 
1.402161 7.642071 2.739807 
1.943968 8.000674 3.097157 
1.430885 8.017726 3.443235 
2.031633 8.524382 3.913908 
2.870054 8.410571 2.955479 
2.961149 8.747798 2.487750 
2.556279 9.583879 2.057350 
3.311140 10.238879 2.427684 
2.956278 9.426102 2.021810 
3.013635 8.447438 2.419263 
2.782387 8.296000 2.900409 
2.199240 7.741984 1.935750 
3.194405 7.831945 0.952230 
4.014781 7.768657 -0.030550 
4.786792 7.992127 -0.523192 
3.921135 8.372657 -0.956286 
3.767732 8.281554 -0.609458 
3.800079 7.805289 -0.851535 
3.896196 8.376475 -0.680050 
4.545605 9.036050 0.048581 
4.986519 8.155239 -0.293092 
4.031209 8.023804 -0.096886 
3.330028 8.608009 0.767599 
4.135744 8.192970 0.039604 
5.053988 8.421375 0.117547 
4.374092 9.140890 -0.217928 
3.805397 8.737165 0.413321 
3.381981 8.014222 -0.317244 
2.863357 8.086732 -0.537170 
2.454102 7.889522 -1.434335 
3.366255 7.693718 -0.853980 
3.015733 6.787657 -1.788181 
2.760348 7.449808 -1.951679 
3.636163 7.333238 -1.620971 
3.381593 8.016255 -1.228615 
3.544618 8.077643 -2.141175 
3.648018 9.050630 -3.055842 
4.312511 8.579079 -3.228093 
4.693575 8.054554 -2.703945 
4.864979 9.015494 -2.544600 
4.954770 8.553765 -1.683018 
4.749876 8.475877 -1.262780 
4.277904 9.342801 -2.001199 
3.353292 9.721678 -2.046785 
3.322395 9.093608 -2.454242 
3.541919 10.059348 -2.039304 
3.639060 9.924346 -1.042228 
3.661281 10.290356 -1.344280 
2.819055 10.716048 -0.797242 
2.345617 10.489907 0.082992 
2.051979 10.207206 -0.612306 
1.594575 9.724132 -1.184071 
1.517088 8.767798 -0.538416 
2.414917 9.207883 0.283126 
2.216273 8.233350 0.198139 
1.277941 7.888327 0.508231 
2.168008 8.317808 1.467337 
2.051825 8.838268 1.958038 
1.744869 8.003708 2.939833 
2.705837 8.024238 2.179804 
2.640344 7.069774 1.855309 
2.848207 6.469439 2.109286 
1.871089 6.398343 2.680353 
2.863565 6.466326 2.663717 
2.562381 6.421387 3.463305 
1.579290 6.511472 3.717263 
2.253955 7.198441 3.357158 
2.248012 8.171274 3.607452 
2.718404 7.798043 3.721799 
3.201194 8.348582 3.879922 
4.191469 8.257694 3.402088 
4.609534 7.437629 3.934470 
4.038787 7.359589 2.942559 
3.320142 6.881328 3.842287 
2.890157 7.680978 4.618493 
2.158622 7.072840 4.091207 
2.254927 6.994865 4.320492 
2.904962 7.177714 3.801600 
2.473601 7.369555 4.714851 
2.324494 8.336489 5.197197 
2.442268 7.955971 5.819772 
3.185952 8.541070 6.128754 
3.789841 8.473846 5.945866 
3.602249 7.491694 5.852996 
3.873231 7.744061 5.981638 
4.525858 7.303160 6.518729 
4.312997 6.867533 6.965945 
3.995510 5.928126 7.091340 
4.827671 6.326925 6.159635 
5.220326 6.865612 5.721629 
4.546765 6.355023 5.336877 
4.301649 7.268173 4.885222 
3.915461 6.769474 5.693784 
3.625075 6.188397 6.593073 
4.566508 6.494611 5.821319 
4.306554 6.884059 6.636901 
4.175808 6.326729 6.357800 
4.127379 5.739526 5.951172 
3.325847 6.174137 6.400124 
3.164219 7.046569 6.330364 
2.431254 7.145422 7.175817 
2.168437 8.006469 6.381149 
2.670221 8.636043 7.231894 
1.862226 8.653130 6.483755 
2.662539 8.763016 5.874088 
3.526943 9.093980 4.963317 
3.165880 9.409667 3.978726 
3.875771 10.108940 4.916164 
3.200141 9.433636 4.119296 
4.193292 9.527763 4.722162 
4.747954 8.859408 5.097755 
4.605612 7.875599 5.654794 
4.562824 7.860147 4.952733 
4.793364 7.362011 5.241675 
4.017126 7.313552 5.982535 
4.992718 7.409432 5.344894 
5.731457 6.819562 5.956717 
5.503747 6.250008 6.733909 
5.802461 5.908139 5.963869 
6.552630 5.363671 5.358183 
6.963722 4.452116 4.528078 
6.996404 5.440377 5.284405 
7.939247 5.309670 4.972691 
8.433630 4.890426 4.779346 
8.711129 5.266134 3.868792 
8.346234 5.277615 3.961334 
8.977699 4.749895 3.547829 
9.567811 3.978285 3.719361 
9.373327 3.087213 2.965315 
10.181044 2.722666 2.927718 
9.353803 2.780790 3.352681 
9.661010 2.989483 3.374809 
9.692583 2.415407 2.788737 
9.379640 1.471688 2.132200 
8.888175 1.186744 1.554377 
8.363829 1.954812 1.121329 
7.983608 1.180560 0.424558 
8.122041 1.818675 0.098792 
8.635129 2.451653 0.518168 
7.978161 3.095579 1.175483 
7.741183 3.615276 0.893982 
6.916444 4.180461 0.846587 
5.960903 3.900872 0.073288 
6.919486 3.831689 -0.757854 
7.426021 4.082960 -1.537341 
8.065889 4.846946 -0.865620 
8.239772 4.555100 -0.996658 
8.684701 3.662634 -1.374637 
8.054248 3.878125 -0.504354 
7.912059 4.406047 -0.338284 
8.886193 4.564933 -1.113526 
8.287713 4.619004 -0.158532 
7.879303 3.728480 0.000916 
7.243882 3.734929 -0.782575 
6.923682 3.429183 -0.465357 
7.514502 3.771716 -0.562194 
6.665648 4.257184 -0.656460 
6.136394 4.314145 0.230833 
5.296278 4.850986 0.226981 
4.517882 5.096969 -0.126678 
4.154760 6.004717 -1.012078 
3.962419 5.045212 -0.037492 
3.834108 4.100859 -0.036791 
4.211426 4.173072 0.624631 
3.705002 3.376273 0.159377 
3.252430 2.633409 0.414698 
4.199323 2.709203 -0.063173 
4.046968 2.629351 -0.409774 
3.226443 3.136226 -0.024458 
2.792571 2.958305 -0.278045 
3.538313 3.411116 0.295491 
2.561762 3.254451 1.104712 
3.091511 2.480792 0.693289 
2.201949 2.093986 1.606434 
3.154484 2.073504 1.562448 
3.194977 1.532269 1.954140 
2.502230 1.409314 1.402122 
3.090836 0.661948 0.787972 
3.961728 1.065192 1.476993 
4.002045 0.343291 1.493723 
4.396731 0.695128 0.768699 
4.769447 -0.192747 0.895303 
4.747881 0.302105 0.705805 
5.275541 1.106826 0.882632 
5.272477 0.508551 0.640753 
4.294725 0.298827 0.332169 
5.072085 -0.252826 1.207150 
5.894637 -0.638888 1.420756 
5.537120 0.286782 0.637968 
6.315835 0.030123 1.142224 
7.300573 0.200095 0.915996 
7.612025 -0.425243 0.634035 
7.933650 -0.424516 -0.178463 
7.460329 0.393796 0.652355 
7.318269 -0.568961 -0.126090 
7.389510 -1.200943 -0.975742 
6.537471 -1.513143 -1.483791 
6.508897 -0.537578 -1.450399 
5.922209 -1.102211 -2.439469 
6.594808 -1.646059 -3.026754 
7.490369 -2.081124 -2.924475 
7.424700 -2.083086 -2.912485 
6.774499 -2.836316 -2.305370 
5.850981 -3.085232 -1.851198 
5.016179 -3.072565 -1.606952 
4.538262 -3.933711 -1.119679 
4.538412 -3.211769 -1.542789 
4.612565 -4.016534 -1.339768 
3.720051 -3.600485 -1.825878 
3.808098 -4.095770 -1.184619 
4.270557 -3.213537 -1.664559 
4.697614 -4.087558 -1.804104 
4.504003 -4.122380 -0.857937 
4.554288 -4.499461 0.115525 
5.052176 -3.894492 -0.423158 
5.870796 -4.226810 -0.733819 
4.922332 -3.929543 -1.448541 
4.855104 -4.760135 -1.336981 
4.800976 -5.562937 -1.345722 
4.743086 -5.230432 -0.423853 
5.664712 -5.348060 0.555010 
5.266268 -4.823924 1.038036 
5.072853 -4.565914 0.843845 
4.143753 -4.900923 0.347634 
3.297423 -5.178688 -0.601615 
2.615908 -5.296472 -0.960597 
3.109461 -4.430838 -1.226666 
3.001120 -3.805164 -1.733249 
3.745673 -4.093982 -1.777081 
3.295501 -4.877223 -2.011922 
2.789318 -5.146840 -1.033925 
2.612302 -6.063041 -0.403175 
3.460145 -6.239004 -0.094581 
2.606753 -6.659480 0.139915 
2.442438 -5.673301 -0.565266 
3.399918 -5.784030 0.097420 
2.582386 -5.941242 -0.831467 
3.056128 -6.639322 -0.139797 
3.819598 -6.639665 -0.683000 
4.225639 -6.601660 -0.263164 
3.399984 -6.157587 -1.191848 
2.902167 -6.946038 -0.323739 
2.360069 -7.773838 0.528761 
3.038506 -8.040310 1.069487 
3.639277 -8.827104 1.804483 
2.829995 -8.457047 2.295104 
3.097101 -8.928951 3.172647 
2.337286 -8.671236 3.643088 
2.083458 -9.546007 4.152287 
1.486924 -8.746938 4.551305 
2.015651 -7.910589 3.807038 
2.956289 -7.781522 4.257082 
2.632105 -8.120028 5.149036 
2.539582 -7.278705 5.967232 
1.830683 -7.471434 6.072569 
1.378329 -6.666129 6.448049 
1.156992 -5.701590 6.646662 
1.142653 -5.014272 6.126812 
0.221008 -5.392085 6.103593 
0.030192 -6.098456 6.645917 
-0.442910 -6.057852 7.276145 
-0.446193 -5.134469 6.878955 
0.110695 -5.295216 7.728331 
-0.099128 -4.441226 8.223966 
-0.977535 -4.917299 9.111265 
-0.359743 -4.133520 10.023150 
-0.193564 -5.118546 10.884797 
-1.089521 -4.902259 10.634330 
-1.587794 -4.201153 9.708995 
-1.615769 -4.322087 10.644203 
-2.245823 -4.003407 9.744850 
-2.401001 -4.523417 9.238770 
-2.826722 -3.632226 8.353442 
-3.674842 -3.104658 8.743464 
-3.943502 -3.284735 9.634704 
-2.975660 -3.497220 8.852921 
-2.166106 -3.931080 8.886098 
-2.398958 -3.042312 9.879347 
-2.010340 -2.789334 10.449197 
-3.006226 -2.879267 9.743259 
-3.819313 -3.183031 10.319164 
-4.623944 -3.723276 10.830913 
-5.476743 -3.278649 10.455367 
-5.653246 -3.355192 11.453220 
-6.298211 -2.644898 11.936487 
-6.234825 -1.837600 12.016318 
-5.651757 -2.642115 12.338283 
-5.526001 -1.652545 11.772988 
-5.022387 -0.991709 12.567372 
-4.535204 -0.442274 11.746007 
-4.256053 -1.358253 11.322264 
-4.232293 -0.362575 12.072479 
-4.895945 -0.269655 11.795409 
-4.555387 0.653617 12.112723 
-3.959207 1.184117 13.061132 
-4.938484 0.996177 13.536234 
-5.266485 1.251992 14.004123 
-5.593128 0.309070 13.192163 
-6.121509 0.375312 13.682988 
-5.720445 -0.150888 14.300828 
-6.088607 0.616325 14.174393 
-6.243105 0.909257 13.556008 
-6.438918 0.116533 13.443250 
-7.000699 -0.704208 13.609765 
-7.688886 -0.422508 14.389405 
-8.581196 -0.836551 15.221066 
-7.980229 -1.034041 14.522943 
-7.718022 -0.726641 14.658655 
-7.628714 -0.106897 14.069464 
-7.782943 -0.601818 14.943444 
-7.851716 0.394833 15.839896 
-7.364079 0.879716 16.377059 
-7.786875 1.538235 15.393179 
-7.548034 0.636053 15.115456 
-7.733933 -0.226126 15.644793 
-8.729777 -0.139039 14.836247 
-8.627713 0.729970 14.348695 
-9.217134 0.563483 13.867027 
-9.530827 0.906836 13.071861 
-8.706220 1.471900 13.918976 
-9.093878 1.474140 12.928362 
-9.171651 1.222382 12.775487 
-9.645033 1.202986 13.718976 
-8.790843 0.810238 13.254319 
-9.373170 0.118643 13.505230 
-8.919417 -0.501150 13.842105 
-9.898231 -0.699649 14.351634 
-9.468320 -1.566914 14.904815 
-9.287007 -1.678723 15.127150 
-10.091776 -2.190105 16.125797 
-10.375476 -2.620935 15.660657 
-9.959290 -1.755876 15.873250 
-9.893054 -1.197251 15.894309 
-10.811121 -1.193630 15.190831 
-10.885430 -0.418734 15.949681 
-11.494266 0.266864 15.932042 
-10.951111 0.906621 15.653251 
-10.674628 1.000569 15.913960 
-10.631565 1.991348 15.074010 
-9.751298 2.023532 14.610444 
-9.474173 1.427521 13.692766 
-9.909302 0.793639 14.326309 
-9.571064 1.545957 14.879792 
-9.710270 1.029801 15.225899 
-10.172708 1.768869 16.056249 
-11.129379 1.481519 15.187007 
-11.815900 1.856495 14.877790 
-12.395275 2.171981 14.719413 
-12.746378 2.947621 15.426888 
-12.217606 2.294569 14.580559 
-11.341455 2.116197 13.599320 
-10.350768 2.142897 12.635461 
-10.489036 1.612294 13.575537 
-11.330463 2.152132 12.711203 
-11.385489 3.004951 12.786691 
-12.298285 3.404691 12.040772 
-12.321824 3.445658 11.209431 
-12.525580 2.469727 11.479187 
-11.853390 2.718791 10.624371 
-12.728302 2.312929 11.450633 
-12.546063 1.545963 12.189868 
-12.790618 1.845316 11.641303 
-11.878246 1.436438 12.071040 
-11.728294 2.380821 11.154533 
-12.132164 2.900579 11.809041 
-13.059335 2.663447 12.187932 
-13.692661 2.001936 12.051837 
-14.118148 1.472327 12.714943 
-14.625757 0.610783 12.784807 
-14.324177 1.296866 12.849011 
-15.223430 1.180373 11.952912 
-14.898240 0.395470 12.144671 
-14.266618 0.699083 11.345214 
-14.508990 -0.015977 10.740998 
-13.687761 0.370916 10.259460 
-13.681681 0.243775 9.421887 
-13.127208 0.072011 9.073984 
-12.304331 -0.349481 8.486393 
-11.360230 -0.656902 8.119823 
-10.795143 0.168109 8.931125 
-9.873207 0.520020 9.759386 
-9.574095 -0.369119 9.608379 
-9.802362 -0.271728 10.521884 
-9.444673 -1.171671 10.257979 
-10.362839 -0.992548 9.361268 
-11.149924 -0.527741 9.588489 
-11.958238 -0.942173 10.147665 
-11.719982 -1.754454 9.930992 
-11.208657 -1.013324 9.257631 
-10.291515 -0.669382 10.169112 
-10.726112 -1.177837 9.934984 
-11.437133 -1.739343 10.393534 
-10.825997 -1.070006 10.369610 
-11.793532 -1.322669 9.810422 
-11.626430 -2.112077 9.122637 
-11.223233 -2.553829 8.179844 
-10.807981 -1.695179 8.652900 
-11.553929 -1.034029 7.729701 
-10.815797 -0.600290 7.882536 
-10.435570 -1.522204 8.222631 
-10.294204 -0.532459 8.188513 
-9.303391 -0.585206 7.747774 
-9.809531 -1.280585 7.437440 
-10.284937 -0.499315 6.975739 
-10.640490 0.101770 6.954628 
-9.987218 0.178406 6.861682 
-10.392582 1.075435 7.308594 
-10.224835 0.336914 7.916543 
-10.635378 0.731925 8.905731 
-10.929762 0.253374 8.705053 
-10.411447 1.036240 9.610074 
-9.919641 0.789953 10.602608 
-10.264586 0.445299 10.660982 
-10.790411 0.837882 10.029589 
-10.507382 -0.032794 9.275738 
-10.326678 -0.962120 10.180384 
-9.667664 -1.553937 9.689987 
-9.245241 -0.997841 9.255564 
-9.262130 -1.900416 10.034099 
-8.995568 -1.634754 9.746371 
-8.729289 -1.847575 10.003921 
-8.473605 -1.353321 10.740337 
-9.202709 -1.249425 11.693656 
-10.097777 -1.019612 11.690530 
-9.963884 -1.288643 11.980167 
-9.028480 -1.171900 12.477023 
-8.503718 -0.776417 12.817292 
-7.850863 -0.280890 11.836270 
-7.869364 -0.633136 11.879682 
-7.429136 -0.193228 11.767308 
-6.745985 -0.363984 12.694314 
-7.707597 -0.534145 13.340848 
-7.904942 -0.197735 14.012609 
-7.748061 -1.185298 14.350771 
-7.251571 -1.389791 14.301167 
-7.009830 -0.633494 13.725530 
-7.574153 -0.550096 13.367214 
-8.096534 -1.366190 13.387184 
-8.149282 -0.456968 13.909266 
-8.840655 -1.077661 14.638572 
-8.604140 -1.857724 14.181803 
-9.412230 -1.273954 14.478461 
-9.606944 -0.780733 14.476864 
-8.864540 -1.067198 13.869623 
-9.844682 -0.877666 13.594516 
-10.744614 -0.442632 14.014854 
-10.177027 -1.144744 14.871466 
-10.536200 -0.322897 14.366139 
-10.906056 0.552093 13.680962 
-11.589383 -0.176369 12.998592 
-11.685875 -0.175956 13.323482 
-11.734738 0.452360 13.467032 
-10.973651 -0.159478 13.257735 
-11.067688 0.001422 14.131454 
-11.561488 -0.591796 14.918219 
-12.188427 -0.281085 13.963105 
-11.882542 -0.981353 14.507611 
-11.099329 -1.558134 14.376304 
-10.557999 -2.382689 14.092954 
-10.325798 -3.207738 14.896569 
-10.856056 -3.714674 14.330332 
-10.097309 -4.040300 13.972910 
-10.595106 -4.553568 13.313712 
-10.214300 -3.998148 13.982741 
-10.477474 -3.798901 13.245511 
-9.811783 -3.996704 13.593338 
-9.592175 -3.900243 13.751130 
-10.195568 -4.571669 13.216918 
-10.413033 -3.846492 13.419522 
-9.745613 -4.380531 14.081082 
-9.250174 -4.898474 13.838890 
-8.439029 -4.820335 13.440706 
-8.011411 -4.635103 14.047911 
-7.461285 -4.843968 13.181105 
-7.869313 -5.341350 13.157755 
-7.064264 -4.771714 12.488254 
-6.390840 -4.799888 12.834627 
-6.670315 -5.423384 13.516892 
-5.935838 -5.977538 12.813185 
-5.910408 -6.860021 12.898670 
-4.923019 -6.984816 11.948271 
-5.656162 -7.503488 12.518305 
-5.767941 -7.472627 12.128615 
-6.497958 -6.941899 11.232376 
-6.396877 -7.431550 11.726901 
-6.845232 -6.687746 11.294565 
-6.052512 -6.131970 11.416953 
-7.035518 -6.111151 10.713587 
-7.940263 -5.903127 10.013312 
-7.171495 -6.520664 9.855556 
-7.373239 -7.474880 9.271122 
-6.652656 -6.781951 8.466987 
-7.581365 -7.032044 7.642795 
-8.276704 -6.526871 8.418423 
-7.914082 -5.633891 8.275249 
-7.952055 -6.606170 8.033745 
-8.474770 -6.900457 8.929373 
-8.128695 -6.106537 8.633025 
-8.701074 -5.286870 9.420197 
-9.000486 -6.209823 9.431356 
-8.665061 -6.817576 8.502593 
-8.708858 -7.440409 8.788369 
-9.556001 -6.983324 8.542865 
-9.880890 -7.441869 7.835601 
-9.231132 -7.815450 7.376762 
-10.208578 -8.018244 6.823036 
-10.758759 -7.888050 6.624343 
-10.034364 -8.276021 6.364753 
-10.623065 -7.482250 6.373702 
-10.361512 -7.262986 7.187526 
-11.137366 -7.893660 7.197356 
-11.178114 -7.536896 6.570784 
-11.541112 -6.781695 5.997955 
-12.166226 -6.105178 5.258189 
-12.519419 -5.959477 5.942327 
-13.012890 -6.773432 6.505690 
-13.785272 -7.324137 7.452883 
-13.899075 -8.249264 7.575234 
-13.848803 -7.822442 6.901080 
-13.147354 -7.242739 7.830577 
-12.707128 -7.802691 6.904143 
-12.669632 -7.056386 6.196492 
-11.701611 -7.162908 6.808983 
-11.676711 -7.614135 6.849135 
-12.392779 -8.291741 7.404058 
-12.307610 -7.316271 6.980860 
-11.957363 -7.675214 6.635081 
-12.776885 -8.233704 5.835533 
-11.886377 -8.683885 6.490832 
-11.878721 -9.658045 6.728567 
-12.166693 -8.820972 6.414133 
-11.241617 -8.887574 7.130514 
-12.099395 -9.080611 7.618297 
-12.734325 -9.800191 7.428676 
-12.516180 -9.714274 8.336903 
-13.165446 -9.249185 8.520803 
-13.611236 -10.108800 7.846862 
-13.118397 -9.312613 7.047974 
-12.785672 -9.712130 7.411738 
-12.925608 -10.308707 6.999450 
-13.443166 -9.883549 6.070005 
-12.821566 -10.545790 6.521305 
-12.530893 -9.636992 6.991288 
-12.131207 -10.305690 7.513145 
-11.582502 -9.838493 8.242361 
-12.512338 -9.837493 9.084234 
-13.262401 -10.150808 8.336876 
-13.486039 -10.481903 8.402828 
-13.621094 -9.839339 8.238214 
-13.939766 -10.577554 8.568987 
-13.909035 -10.820968 9.026935 
-13.907094 -11.348799 9.383449 
-13.343041 -10.589896 9.069863 
-12.915826 -9.925217 8.539132 
-13.082202 -9.216528 9.356237 
-13.110040 -9.663694 9.815927 
-13.090879 -8.678693 9.044368 
-13.909221 -8.217484 8.474221 
-13.244094 -7.617730 8.464344 
-13.873840 -7.162850 9.209021 
-14.079581 -7.900608 10.188953 
-14.015818 -7.340599 10.970412 
-14.198440 -7.413206 10.413336 
-14.142596 -8.401971 11.141986 
-14.624688 -7.793720 11.927857 
-14.627156 -6.806493 11.966067 
-15.269093 -6.040693 12.039049 
-14.291500 -6.171695 11.692773 
-14.559929 -6.105006 11.888498 
-14.047684 -6.512797 12.232979 
-13.427841 -6.734561 11.452732 
-12.818899 -7.141161 10.844720 
-12.914743 -7.598953 10.037999 
-13.049609 -6.639939 10.225675 
-13.332561 -7.593971 9.491332 
-13.634758 -6.832980 8.861818 
-14.053941 -6.160263 9.631673 
-13.845921 -5.235560 9.316244 
-13.714710 -4.893452 9.218038 
-13.496895 -4.947202 10.184942 
-14.294254 -5.314319 11.066105 
-15.294091 -5.330478 10.454383 
-14.846614 -4.436548 11.367826 
-15.386361 -3.898885 10.705898 
-14.680387 -4.328017 11.387703 
-14.483891 -5.159456 11.407257 
-15.341983 -5.671126 12.116608 
-14.425059 -5.341127 11.301584 
-15.085453 -5.775993 11.473655 
-15.345643 -6.563281 10.507961 
-15.866113 -5.770494 10.022196 
-15.246520 -5.864490 10.016448 
-14.445759 -5.463149 10.680347 
-15.190615 -5.148364 10.862812 
-14.289099 -4.723851 11.829280 
-15.228133 -5.049726 12.309057 
-15.548630 -5.719542 11.792553 
-16.363004 -5.466776 11.355380 
-16.020909 -6.387481 12.031392 
-15.280602 -6.829338 11.149978 
-15.174136 -6.876490 10.496908 
-15.034498 -6.296352 9.689683 
-15.415537 -7.208359 9.716655 
-15.853680 -7.710212 9.577020 
-15.042383 -8.290194 10.280853 
-15.674108 -8.973451 9.817726 
-16.659461 -8.810242 9.960758 
-17.469523 -9.172190 10.464872 
-17.009343 -9.999555 9.902634 
-17.624798 -10.465013 9.110709 
-18.055055 -11.278032 9.633885 
-18.703263 -11.838034 8.915284 
-18.688380 -11.144651 9.512258 
-18.579943 -11.657963 9.802646 
-19.339227 -11.557113 10.315593 
-19.746415 -12.402901 9.768571 
-20.603783 -12.360990 10.594125 
-20.951596 -13.219097 9.835424 
-20.307776 -12.499954 10.514040 
-19.458694 -12.805085 11.505700 
-19.419001 -13.792215 11.460126 
-19.808300 -13.865274 11.072005 
-20.627050 -13.503514 10.608535 
-21.489122 -13.984915 11.262506 
-21.225277 -14.102132 10.701486 
-21.582818 -14.428558 10.757480 
-22.127704 -15.121648 10.015626 
-22.206380 -14.315500 9.104538 
-21.671153 -13.485395 9.306627 
-22.385803 -13.078052 8.465148 
-22.235240 -12.411815 7.751453 
-21.884925 -12.844307 7.185035 
-22.676496 -12.881070 7.912644 
-23.355950 -12.409123 7.967086 
-23.716588 -11.529481 8.652914 
-24.706539 -11.642960 8.282988 
-24.374005 -12.469619 8.565136 
-23.378208 -12.436653 9.447490 
-22.695077 -13.026559 10.447317 
-22.755890 -13.997870 9.628047 
-23.212793 -14.661084 9.444445 
-23.808723 -15.059034 10.195244 
-23.008817 -15.519710 10.138248 
-23.277323 -15.547558 9.280070 
-22.941037 -16.322904 10.148852 
-22.890316 -15.675909 9.863858 
-23.404414 -15.847302 9.911836 
-23.090955 -14.997399 9.840740 
-23.659694 -14.297516 10.523780 
-23.338617 -14.696005 11.097543 
-24.274041 -14.958979 10.163587 
-23.631991 -15.339273 9.411368 
-24.222515 -15.489784 9.751059 
-24.922526 -14.802195 8.848335 
-24.454643 -15.119093 8.096408 
-24.116427 -15.828409 7.734539 
-23.286638 -15.272547 7.868201 
-22.321367 -15.530942 7.138808 
-22.305682 -15.568327 6.534038 
-22.732995 -16.400951 5.908654 
-23.229178 -16.209753 5.322366 
-22.943623 -16.426924 5.977068 
-22.193067 -15.767208 6.613270 
-22.072854 -14.951773 7.265933 
-21.273506 -14.362327 8.169113 
-20.391928 -14.687362 8.255915 
-20.519101 -13.798044 8.439226 
-20.970955 -14.357575 8.559594 
-20.102769 -13.876290 9.537701 
-20.057159 -13.948067 8.947812 
-19.968286 -13.123938 8.780502 
-20.906835 -13.391501 7.899481 
-20.954936 -12.403067 7.781863 
-21.203930 -13.210640 6.954587 
-20.947084 -14.156375 7.708870 
-20.553491 -14.809481 8.573398 
-21.286999 -14.868585 8.940724 
-20.717216 -14.106657 8.329717 
-20.349132 -14.761778 7.608848 
-20.245143 -13.940956 8.441051 
-21.224759 -13.852180 8.715643 
-21.241431 -12.862502 8.037012 
-20.393611 -13.365828 8.146985 
-21.324592 -13.080972 8.717369 
-20.710043 -13.852955 7.935773 
-21.591087 -13.505086 7.249139 
-21.499804 -14.346649 8.144109 
-20.919847 -13.675524 7.181804 
-21.362053 -14.469159 7.592369 
-21.831181 -13.590287 7.760643 
-21.552715 -13.577958 8.474673 
-22.105181 -13.341928 8.951000 
-22.058914 -14.130923 7.967373 
-22.782432 -14.820381 8.262040 
-21.881272 -14.407205 7.358167 
-21.614462 -13.834924 7.506302 
-22.116098 -13.388198 6.507315 
-21.358488 -13.763184 5.894543 
-21.248616 -14.218171 6.034535 
-21.200915 -14.618269 5.528369 
-21.399673 -15.434761 6.084753 
-22.107408 -15.478734 5.110775 
-21.802385 -16.329193 4.748481 
-22.068623 -16.912679 4.893507 
-22.701180 -16.333660 5.675481 
-23.647751 -16.653399 4.868157 
-24.108640 -15.885944 4.220245 
-24.665883 -15.089815 3.846242 
-24.735266 -15.754983 4.633734 
-25.244255 -15.679223 5.572851 
-25.994643 -15.642102 5.960222 
-26.273101 -16.000673 5.577329 
-26.428062 -16.957688 5.386342 
-25.829464 -17.749328 4.998424 
-24.856584 -17.537047 4.592911 
-25.624136 -17.355197 4.184426 
-25.463327 -18.273167 5.050796 
-25.351718 -19.191566 5.181516 
-24.494728 -18.676242 6.086966 
-23.850239 -19.272504 7.033794 
-23.923828 -20.260224 7.115791 
-24.069475 -19.931699 7.634634 
-23.123678 -19.614828 6.831368 
-23.869136 -19.781005 6.916563 
-24.700267 -19.282995 7.654031 
-24.052677 -20.021739 8.232770 
-23.344415 -20.332896 8.835209 
-22.449968 -20.672925 7.924756 
-23.309295 -20.852636 8.657762 
-23.921273 -20.873645 8.976472 
-22.995289 -21.160672 8.036617 
-23.012508 -22.158155 7.763683 
-22.709905 -22.954196 7.933106 
-22.698214 -23.237170 8.190689 
-22.368385 -22.546375 8.454733 
-22.888892 -21.693464 8.153498 
-23.050656 -22.595986 7.839195 
-22.561719 -21.761144 8.299181 
-22.336059 -22.646069 7.471145 
-22.379648 -23.395844 8.219496 
-22.013775 -24.118897 8.135322 
-22.723110 -24.823735 8.362707 
-21.905391 -24.544210 9.241157 
-22.550991 -24.351992 8.275450 
-22.208813 -23.500848 7.770675 
-22.160297 -22.511116 7.360827 
-22.715362 -23.243390 7.561936 
-23.525403 -22.721433 7.395520 
-23.223552 -21.773307 6.927218 
-23.142292 -22.304338 7.538754 
-23.101827 -21.621311 8.508809 
-22.135029 -21.739775 7.657622 
-22.220885 -20.777801 7.661249 
-23.186879 -21.016678 6.870133 
-22.239349 -21.085492 6.931508 
-22.054006 -20.480020 7.215799 
-21.606866 -19.931936 7.581147 
-21.154780 -19.328921 8.172928 
-20.764479 -19.119866 7.211347 
-21.440360 -18.884554 6.493290 
-22.314771 -18.851345 6.989589 
-22.869468 -18.179402 7.059379 
-23.573129 -17.778772 6.344370 
-22.928305 -17.050714 7.135094 
-23.506858 -16.813697 6.493631 
-22.659240 -16.664322 6.633649 
-22.988400 -17.587855 5.854356 
-22.955180 -18.550253 6.053794 
-23.118519 -18.322416 5.274862 
-22.362163 -18.149413 4.635378 
-22.513944 -18.102889 3.766833 
-22.246620 -18.307112 3.361088 
-22.309668 -17.753568 2.887249 
-21.802738 -18.583413 2.057989 
-22.579662 -18.257672 1.998439 
-22.701955 -17.472101 2.397271 
-23.095482 -18.010533 2.829313 
-23.313365 -18.878263 3.672553 
-23.210256 -19.228184 4.236158 
-22.830491 -18.569670 4.930265 
-22.516146 -18.041916 5.280223 
-22.308109 -17.792634 4.418158 
-22.121944 -17.986573 3.493133 
-21.704168 -17.078025 3.154470 
-21.790845 -16.391673 3.700758 
-21.648153 -15.770545 3.365663 
-21.439633 -14.823113 3.920586 
-21.646562 -14.020683 4.918777 
-22.017549 -13.553056 4.727792 
-21.215218 -13.010917 5.542878 
-21.566817 -13.080742 4.611250 
-21.870552 -12.526599 4.974746 
-21.825332 -13.515221 4.526847 
-21.542725 -12.818281 4.975724 
-22.148530 -13.582398 5.624799 
-21.515817 -13.450598 5.563757 
-22.096517 -14.150638 4.946884 
-22.325791 -15.116972 5.033647 
-21.642851 -14.386499 4.470077 
-21.471246 -14.497518 4.740672 
-20.720241 -15.096874 4.224140 
-19.932927 -15.282878 3.781210 
-20.556180 -14.500916 3.055967 
-19.899912 -13.951285 3.127155 
-19.868442 -13.086338 3.230524 
-19.912201 -12.348136 2.275664 
-20.743973 -12.236442 2.530124 
-21.402927 -12.763077 2.747626 
-20.494313 -13.177845 3.323686 
-20.187554 -13.448273 3.387608 
-20.081776 -12.453884 3.413529 
-20.876260 -12.961847 3.953347 
-20.661290 -13.938299 3.540819 
-20.005976 -13.208626 4.065451 
-20.984852 -13.396149 4.553944 
-20.517999 -13.811583 4.695097 
-20.627073 -13.038409 4.341003 
-20.506251 -13.023684 3.351950 
-20.288071 -13.101778 4.301448 
-19.846189 -12.759485 3.353386 
-20.080946 -11.813125 4.339318 
-20.658706 -11.570776 4.761961 
-20.246325 -11.314086 4.186823 
-20.252762 -10.664443 3.549340 
-20.915342 -11.412240 3.831992 
-20.765299 -10.507943 4.744920 
-20.924943 -11.268667 5.584679 
-20.355174 -10.643383 5.692894 
-20.818392 -10.789516 6.570930 
-20.991908 -9.817934 6.315251 
-21.890981 -10.210485 6.287940 
-21.870165 -9.277925 6.112392 
-22.262869 -9.221297 6.737522 
-22.390298 -9.458894 6.001689 
-22.316809 -10.354907 5.622188 
-22.570660 -9.435091 5.367277 
-23.223001 -9.784247 5.762524 
-23.311985 -9.888754 5.036536 
-22.844976 -10.387933 4.294893 
-21.973636 -10.657607 4.470383 
-22.424377 -9.802813 4.258065 
-21.861763 -10.348803 5.203621 
-21.099189 -10.885759 4.306861 
-20.866257 -11.844729 4.217032 
-20.526250 -12.468541 4.429753 
-20.721069 -12.047963 4.545732 
-19.908025 -11.960918 5.246293 
-20.760555 -12.318848 5.394417 
-19.922710 -12.461024 5.825963 
-19.696215 -11.487962 6.786513 
-18.889724 -11.560352 6.528224 
-19.095858 -12.333384 7.367599 
-18.320744 -12.387639 6.905576 
-17.811795 -11.526856 5.967350 
-18.027075 -11.260537 6.616414 
-18.962010 -11.603332 7.230246 
-18.015801 -11.312739 7.756551 
-17.911282 -12.223688 8.587065 