0.000000 0.000000 0.000000 0.000000 0.000000 0.000000 0.000000 0.000000 0.000000 0.000000 0.000000 0.000000 
1.068128 0.993519 1.254890 1.078066 0.956397 1.051498 1.261696 0.911266 0.707071 1.302334 1.111757 0.856929 
2.202823 1.459332 1.458480 1.922124 1.647276 0.895588 1.280814 1.233950 0.498598 1.619906 1.062313 1.332996 
2.238513 1.482116 1.745178 2.905452 1.161124 1.675140 1.682250 2.174810 0.627396 2.067316 1.642216 1.445776 
2.218757 1.864725 2.048117 2.353976 1.821193 2.301577 1.261215 2.348084 1.260084 3.293541 1.334120 1.894629 
2.690719 1.575914 1.724789 1.374740 1.229381 2.806405 0.678784 2.934415 1.066139 3.287805 1.966009 1.234290 
2.585400 1.846504 1.890532 2.445979 0.787403 2.647209 1.018308 2.212838 0.733279 3.220221 2.513064 1.618303 
2.605285 1.084353 1.501953 3.477232 1.664497 2.577941 0.519664 2.147977 1.047953 3.999213 3.327091 2.396914 
2.566331 1.938783 2.374854 2.980859 1.098187 2.398291 0.851450 1.976596 1.181707 4.923708 2.440709 2.667286 
1.925274 1.267537 2.709494 2.447482 0.787457 3.223242 1.886499 2.014325 1.565343 5.023797 1.412020 2.451240 
2.356714 0.873062 2.443996 2.692498 1.150493 3.681440 2.162183 2.879528 2.267476 4.881914 0.842704 2.440899 
2.445176 1.029617 3.166505 1.818879 0.458288 3.861912 1.294733 2.199765 1.490742 5.251754 1.562492 3.121534 
2.772471 2.004027 3.858508 1.593664 1.567975 3.264058 1.678952 1.227591 1.487366 5.217819 2.315128 3.451760 
2.029662 2.344618 3.327373 2.000109 1.239662 3.854785 1.266690 1.686757 1.675949 5.472998 1.540742 2.804779 
1.302195 2.464020 3.932958 2.558726 1.357391 3.854449 0.844144 2.274488 1.085381 4.451592 1.812101 3.364306 
2.156316 2.608250 4.220503 3.336172 1.625499 3.998346 1.715054 3.126295 1.367890 3.904219 1.834219 4.297709 
1.987460 3.211553 3.634160 3.050663 1.539506 2.996219 2.018512 2.823061 2.325749 3.153611 1.261724 4.491027 
1.717394 2.737379 3.386821 3.042258 2.550551 3.128937 1.526704 3.269926 2.592707 3.573409 2.147254 5.287865 
2.173879 1.890085 3.522448 2.327120 2.776240 4.016325 1.399317 2.048028 3.092215 3.433609 2.961055 5.020467 
1.960516 1.771914 3.623358 1.786572 3.652260 4.472085 2.390539 1.801722 3.633619 3.335040 3.908850 4.988994 
1.761405 0.977019 3.457878 1.925133 3.156570 5.183611 1.783798 2.851497 2.790884 2.591205 4.117393 5.537276 
2.533176 1.281158 3.894059 2.748635 3.096226 5.333037 2.218857 3.666039 3.742685 1.839698 4.679736 5.381130 
3.418470 1.091797 3.995639 3.156084 2.746961 5.325923 2.186385 4.645934 3.836035 2.852744 4.537532 6.491518 
3.299514 1.673605 3.092663 3.236607 3.555275 5.598559 1.628526 4.781469 4.186154 3.388114 4.737932 5.822090 
3.889430 2.696523 3.096824 3.913660 4.650492 5.039537 2.098715 5.708691 4.168012 3.248510 4.101164 5.849083 
4.611350 2.524732 4.016086 3.967094 4.269355 6.238517 3.007200 6.743406 4.092327 4.028051 4.735987 5.714315 
4.711109 3.188423 4.717111 4.184660 4.847566 7.174431 3.087683 7.428063 5.061882 4.514300 4.875110 5.955169 
4.271067 3.701236 5.368967 4.756339 5.504720 6.804948 2.938344 6.974022 4.578420 4.860714 4.494815 6.403274 
4.677028 4.048454 4.998229 5.445703 6.044442 6.643509 2.806320 6.568133 5.254122 4.430175 4.582608 6.399969 
4.961393 3.474001 4.805523 5.009704 5.449098 6.136147 3.403445 5.737341 6.292735 5.069968 4.905257 7.126096 
4.578506 3.990204 5.625100 5.557823 5.730280 5.559111 3.120712 4.880365 7.387046 5.432492 5.033603 6.748269 
4.129325 4.187167 5.756741 5.761653 5.636939 4.751631 3.278490 5.607388 8.425237 5.233687 5.696390 7.840717 
4.560122 4.000164 5.510847 6.650004 6.482871 4.481363 4.087465 5.168265 9.140004 5.313916 5.351004 8.350770 
5.423026 3.106673 5.634691 6.367667 6.544375 4.511070 5.103346 5.261221 9.663712 5.418533 4.408977 9.476540 
6.304478 2.604260 5.548516 5.704564 6.003203 3.602930 4.996341 5.366860 10.592232 6.005240 4.712243 9.343609 
6.168968 1.896700 6.410845 5.727180 5.552799 4.358328 5.750696 4.783862 10.105880 5.522812 3.874486 9.784604 
5.401378 1.444375 6.028193 5.484697 5.130611 4.155598 5.185571 4.465517 10.608517 5.609304 4.973003 10.374519 
6.252963 1.831158 6.692311 6.235079 4.591554 3.722448 5.250391 5.369251 9.946857 6.294358 4.479022 10.426367 
6.354970 2.020222 6.373700 6.007698 3.429619 3.282146 5.091712 5.215415 10.746387 7.071441 5.553632 9.436803 
5.914488 2.211365 5.998267 7.003233 3.264550 2.983423 5.691232 5.670773 11.288420 8.082423 6.034993 10.186296 
6.424542 2.533961 5.744650 6.905026 4.202171 2.505520 6.490382 6.610293 11.900473 7.806873 5.701921 10.374876 
7.048154 2.282930 5.926610 7.538982 5.208522 3.593585 6.897387 6.163501 11.673203 8.268852 5.076409 10.335239 
7.526803 2.731891 5.932991 8.073625 5.490065 3.316043 7.871794 5.132167 10.962737 7.976573 5.493018 10.035637 
7.136923 1.897623 5.579802 8.978651 6.014192 3.523286 7.078265 5.395036 10.368632 7.307914 5.659799 10.729346 
6.960482 2.324769 4.743712 9.125358 6.269337 3.527142 7.901239 5.881766 10.631944 7.773301 5.198726 10.045787 
7.395651 3.251977 5.981723 8.210799 5.713314 2.437725 8.724125 6.197520 10.566158 8.132927 5.601462 10.128509 
6.747533 3.354863 5.334631 8.908673 5.587452 3.271496 9.015082 5.393213 9.944546 8.432242 5.512512 10.244457 
6.238562 3.318520 5.134812 8.533967 5.864747 3.590951 8.756652 5.315227 10.611407 7.678357 4.649384 10.479239 
6.406877 3.442519 3.858697 8.023850 4.949872 3.684928 8.925551 4.958588 9.883195 7.944284 4.650053 10.671842 
6.311460 3.408553 4.036713 7.881849 5.385366 4.460485 9.299172 5.159911 9.099708 8.458920 5.515480 10.200732 
7.104104 4.082022 3.637940 7.298228 5.479735 4.225419 8.775044 5.151661 8.383727 8.456752 5.288407 9.447876 
6.357137 4.347315 3.211586 8.254736 5.052212 3.539117 8.703368 5.205956 7.867443 9.118319 5.012546 9.083968 
6.513292 4.049908 3.372566 7.475641 5.251859 3.952879 9.118748 4.454625 7.563193 7.915710 4.368954 9.553126 
7.536133 3.793624 3.985413 7.660925 4.517727 4.660155 8.680482 4.457409 7.758099 7.583951 4.554551 9.252458 
7.891272 3.967683 3.386644 7.626215 4.066863 4.887004 7.820013 4.295366 7.711837 8.062006 4.648600 9.546731 
8.619975 3.749978 3.677391 8.261614 3.708166 5.251099 7.890568 3.167960 7.857572 8.706997 4.598963 9.672569 
9.114692 4.000777 3.632654 8.048124 3.390959 5.666891 8.037527 3.584157 8.235634 9.516505 4.724610 8.698735 
9.483701 4.590656 2.866392 8.611166 4.136437 5.449110 7.950320 3.350313 8.816494 10.432230 4.061244 7.610942 
10.215248 5.128263 2.301825 7.696250 4.983095 5.469485 8.722403 4.013110 9.157688 11.590409 5.067446 7.745869 
11.036482 4.924219 3.109992 8.614019 5.460916 5.096657 8.699217 3.049761 9.468461 11.786283 4.857424 8.136828 
10.316714 5.600599 3.629710 9.366748 5.699637 4.553004 8.750710 2.895104 9.810613 12.582329 4.518415 7.975539 
10.340517 6.128688 4.367594 8.439378 6.202443 5.138994 7.909751 1.846109 9.948077 12.662817 5.291859 8.193698 
9.245895 6.325892 4.121962 8.256660 6.178662 5.462897 8.867406 1.717383 10.612241 13.429940 4.425990 7.630068 
9.172554 6.247283 4.457988 9.238894 5.831757 5.304456 8.980549 2.263307 10.926759 12.747968 4.889451 7.748881 
9.738506 6.957397 5.383506 9.732616 6.171448 5.578401 9.736763 1.978740 11.361320 13.272913 5.413508 7.729592 
10.241226 7.080360 6.042960 10.247749 6.447452 5.720716 9.351935 1.849895 11.740203 13.601109 5.452941 8.273830 
10.904379 7.785282 5.920509 9.395671 6.483582 5.089534 10.000695 1.861127 11.059385 13.788599 5.016062 8.463363 
10.074075 6.817544 6.742809 10.411350 6.309176 4.215184 9.215952 2.533476 10.685331 13.716022 4.929665 8.472997 
9.271396 7.258018 7.111011 9.827965 6.781204 3.778933 9.084572 1.816252 11.877780 14.351839 4.282612 8.834134 
8.616637 7.555051 6.842737 9.137002 6.827465 4.178915 9.596867 1.089485 12.127741 13.674212 5.116122 9.175840 
8.789361 7.069735 6.196651 8.599606 6.775912 3.662581 9.880879 1.453732 11.276962 13.303824 4.869632 8.542191 
9.504865 6.587888 6.325525 7.592033 7.423156 2.739745 8.907311 1.610250 11.170157 13.026256 4.678811 8.724717 
9.946287 6.451021 5.689266 7.118483 6.870019 2.190755 8.118818 2.270579 11.668284 13.248919 4.242290 8.041005 
9.762820 7.003692 5.060161 6.759412 6.196972 3.084842 7.668075 2.251179 12.087058 12.870082 4.770012 8.485198 
9.265606 7.858299 5.028246 7.642850 5.063521 2.655567 6.712125 2.372916 12.639609 13.137952 4.281716 7.792065 
9.334799 8.758436 4.338888 8.423037 5.257225 3.451713 6.975034 2.831816 13.329536 13.143408 4.927068 8.587597 
10.161987 8.333791 4.928976 8.323571 6.122946 4.374654 7.907615 3.752462 13.104632 13.222284 4.818607 8.451855 
9.632297 8.395471 5.371325 9.003361 6.546967 4.585624 8.927608 3.811255 13.359038 13.812972 5.303303 8.469750 
9.430723 9.583150 5.689112 9.235093 6.986248 5.277341 8.355048 4.930838 13.467462 13.355375 6.584501 8.948445 
9.905239 8.868075 4.671660 9.779283 7.365218 5.036478 8.373556 5.121103 12.875211 12.459819 7.505054 9.335110 
9.279764 7.956063 4.390582 9.523243 7.414342 5.196056 8.686850 5.631336 12.095600 12.282009 7.711961 10.575646 
9.728758 7.616353 4.271920 8.546881 6.490286 5.606087 8.616202 6.268058 12.218175 11.930848 7.309727 11.217374 
10.268759 6.472428 3.746717 8.961649 5.746274 5.711220 8.140873 5.121538 11.970043 11.306318 7.253808 11.437944 
11.221946 6.343705 3.761099 8.270295 5.537667 5.035183 7.956539 5.903523 11.289942 10.972016 7.328757 11.431859 
11.575598 6.038754 3.610283 7.879185 5.281904 4.723307 7.896194 6.362942 11.511962 10.156426 7.924012 11.650328 
12.295963 5.646983 3.232352 7.400399 5.048216 5.356341 8.541854 7.214156 12.577457 10.938383 6.746711 11.568280 
12.916634 5.877018 2.600683 7.538517 5.491688 4.991813 7.985663 6.770708 12.030177 10.395123 7.693572 11.314747 
12.475934 5.097827 3.229097 7.029898 5.807750 5.486880 7.276971 6.115553 12.865451 10.914405 7.726769 10.902535 
13.006834 6.239554 3.718691 7.421810 5.781694 5.484154 6.383382 5.659467 12.715332 11.128193 6.982722 10.304937 
13.546300 6.161450 3.555885 8.464713 6.090372 6.453974 6.205987 6.495454 12.102682 10.315317 7.599750 11.545841 
13.045721 6.280525 4.456882 9.212508 6.537775 7.470067 6.328497 6.402491 12.833723 9.277951 8.490720 12.146430 
12.342748 6.322809 3.574681 8.964323 7.204243 6.192584 5.331054 5.797872 12.653225 9.937404 9.243165 12.966804 
11.952720 6.331584 2.569529 8.618285 7.417267 5.712727 4.509512 5.776770 13.579461 10.039144 9.742384 12.147106 
12.143024 6.934163 3.007364 9.062020 7.648151 5.282290 4.759986 5.690932 12.436942 9.664185 9.880859 13.027247 
11.516343 8.001248 3.475238 9.470852 7.710230 4.913021 5.339728 6.432164 12.250130 9.690750 10.389249 14.012949 
11.643495 8.152205 4.527450 8.988795 7.782558 3.952064 5.407679 5.323523 11.862870 9.659892 10.173570 14.554583 
12.379712 7.462209 3.602051 8.232516 7.067333 5.093323 6.226198 4.847460 12.765539 9.317834 10.860436 14.680104 
12.729791 7.072019 3.881158 8.574755 7.770894 4.966319 6.375221 4.661396 12.294390 9.335215 10.380988 14.244983 
12.646915 7.682122 3.175245 8.375516 8.047094 5.512596 6.467290 5.346737 11.954205 10.559341 11.022794 14.632217 
12.072423 8.193744 4.196616 7.660281 7.368576 6.122102 6.117797 5.834809 11.468369 10.570748 11.537627 15.143486 
12.484653 7.581652 4.537303 7.336799 7.172490 6.717975 5.028896 6.317982 10.962747 10.435569 10.726700 15.941221 