15.737464 247.667786 247.667786
15.415689 237.747003 237.643463
15.281409 233.626541 233.521452
15.270090 233.254857 233.175657
15.008297 225.586490 225.248987
14.933747 223.325828 223.016786
15.022281 225.980836 225.668914
15.161062 230.265558 229.857803
15.111458 228.738300 228.356167
15.081717 227.810068 227.458188
15.000322 225.395802 225.009659
15.021405 226.001449 225.642596
15.044951 226.688464 226.350561
15.039197 226.491639 226.177442
14.970158 224.465602 224.105621
14.975708 224.609778 224.271834
14.886266 222.046984 221.600921
14.950286 224.002003 223.511047
14.944821 223.813317 223.347663
14.922219 223.124685 222.672608
14.924646 223.175729 222.745061
14.949774 223.920095 223.495744
14.918362 222.985137 222.557528
14.912591 222.795936 222.385378
14.915041 222.852713 222.458434
14.934008 223.412705 223.024596
14.958443 224.144277 223.755018
14.983365 224.893349 224.501223
14.990243 225.087316 224.707387
14.986385 224.959421 224.591724
14.989247 225.033610 224.677529
15.019469 225.957713 225.584445
15.000600 225.391362 225.018013
15.010437 225.678793 225.313231
15.006628 225.554490 225.198880
14.978377 224.725448 224.351782
14.984540 224.901372 224.536438
14.998948 225.331445 224.968434
15.003895 225.471492 225.116859
15.001812 225.400292 225.054355
14.977703 224.692342 224.331594
14.985417 224.917329 224.562730
15.004768 225.505147 225.143067
15.025849 226.149087 225.776128
15.011167 225.709299 225.335145
14.992032 225.143528 224.761030
14.991354 225.115075 224.740694
14.980613 224.790776 224.418773
14.952354 223.975642 223.572899
14.957542 224.124084 223.728077
14.961930 224.248564 223.859360
14.961892 224.239932 223.858212
14.960414 224.188633 223.814002
14.953053 223.964354 223.593788
14.968942 224.446674 224.069214
14.948119 223.840840 223.446273
14.953903 224.008726 223.619208
14.948088 223.830077 223.445348
14.964565 224.332153 223.938200
14.947538 223.833390 223.428899
14.936414 223.501739 223.096454
14.938797 223.566760 223.167665
14.937959 223.535412 223.142608
14.951924 223.958971 223.560018
14.967248 224.426347 224.018503
14.961476 224.249581 223.845750
14.969245 224.480094 224.078307
14.966855 224.403013 224.006751
14.968903 224.458861 224.068057
14.964007 224.308392 223.921517
14.974195 224.615209 224.226518
14.998839 225.391598 224.965184
15.010481 225.744882 225.314551
15.013371 225.826428 225.401302
15.014122 225.843348 225.423849
15.010985 225.744377 225.329660
15.009731 225.701475 225.292025
15.014665 225.846241 225.440165
15.012151 225.766108 225.364679
15.016190 225.883655 225.485956
15.019222 225.970569 225.577044
15.011426 225.736552 225.342902
15.009805 225.683363 225.294240
15.006316 225.575033 225.189533
14.999778 225.377886 224.993330
14.993706 225.194434 224.811216
14.984447 224.919848 224.533663
14.981646 224.832198 224.449718
14.982659 224.858344 224.480072
14.980988 224.804321 224.430003
14.974822 224.618932 224.245306
14.973526 224.576209 224.206491
14.974306 224.595634 224.229836
14.975689 224.633348 224.271263
14.979963 224.759288 224.399297
14.989101 225.037308 224.673135
15.003145 225.473702 225.094350
15.002594 225.453348 225.077837
14.999334 225.352786 224.980026
14.991406 225.117495 224.742240
