5.509266 30.352013 30.352013
5.482221 30.055481 30.054750
5.459600 29.808748 29.807237
5.577104 31.146645 31.104090
5.567015 31.026105 30.991654
5.542367 30.749583 30.717836
5.529194 30.600238 30.571985
5.532652 30.635041 30.610236
5.510148 30.387826 30.361726
5.546635 30.800629 30.765157
5.586041 31.251634 31.203858
5.505381 30.424582 30.309220
5.456205 29.905684 29.770178
5.430695 29.626733 29.492445
5.461131 29.962250 29.823946
5.463014 29.974231 29.844518
5.498851 30.379992 30.237360
5.500889 30.394561 30.259783
5.506938 30.454712 30.326369
5.491424 30.282242 30.155743
5.489832 30.258787 30.138260
5.479027 30.137237 30.019737
5.492048 30.278715 30.162593
5.504243 30.411393 30.296690
5.496234 30.320239 30.208584
5.495266 30.305334 30.197950
5.490530 30.249911 30.145922
5.478878 30.122051 30.018109
5.478449 30.113762 30.013400
5.477784 30.103147 30.006118
5.487187 30.205778 30.109226
5.488389 30.215992 30.122412
5.486000 30.187128 30.096201
5.480189 30.121839 30.032473
5.467793 29.988796 29.896758
5.482213 30.151413 30.054654
5.481990 30.146355 30.052210
5.475925 30.078786 29.985757
5.469899 30.011814 29.919791
5.469232 30.002240 29.912500
5.466805 29.973743 29.885956
5.460925 29.908815 29.821701
5.461823 29.916632 29.831509
5.457326 29.866466 29.782409
5.462826 29.925993 29.842472
5.476620 30.083634 29.993368
5.484249 30.168007 30.076984
5.478604 30.105727 30.015102
5.473216 30.046260 29.956092
5.474590 30.059595 29.971137
5.466793 29.975586 29.885823
5.467293 29.979340 29.891290
5.466250 29.966336 29.879891
5.470093 30.007544 29.921918
5.472203 30.029312 29.945001
5.478299 30.096611 30.011762
5.481096 30.126210 30.042412
5.476139 30.071849 29.988095
5.469422 29.999524 29.914572
5.469589 29.999941 29.916404
5.474106 30.049225 29.965833
5.468643 29.989923 29.906056
5.466098 29.961165 29.878227
5.462298 29.919252 29.836701
5.459546 29.888405 29.806639
5.463139 29.927255 29.845888
5.461410 29.907346 29.826996
5.461887 29.911389 29.832206
5.457130 29.859838 29.780263
5.454840 29.834074 29.755274
5.454003 29.823889 29.746150
5.450231 29.782683 29.705014
5.449194 29.770401 29.693718
5.445606 29.731207 29.654620
5.443236 29.704804 29.628823
5.435118 29.620432 29.540508
5.435357 29.621999 29.543109
5.428690 29.551974 29.470671
5.430719 29.573304 29.492710
5.433560 29.603795 29.523571
5.435668 29.626075 29.546486
5.437808 29.648747 29.569757
5.438498 29.655337 29.577259
5.442302 29.697005 29.618655
5.443880 29.713462 29.635825
5.442930 29.702301 29.625491
5.445881 29.734299 29.657623
5.440545 29.677817 29.599535
5.440714 29.678777 29.601372
5.442267 29.695031 29.618271
5.449425 29.776759 29.696232
5.450954 29.792761 29.712896
5.450276 29.784554 29.705506
5.448717 29.766954 29.688521
5.442282 29.699934 29.618434
5.440695 29.682055 29.601165
5.440910 29.683562 29.603501
5.440447 29.677727 29.598463
5.441538 29.688920 29.610339
5.449819 29.785105 29.700522
