15.416583 237.671019 237.671019
15.085318 227.676563 227.566827
14.760677 218.161536 217.877595
14.911818 222.643815 222.362329
15.070012 227.430564 227.105273
15.144388 229.651211 229.352477
15.103268 228.374910 228.108708
15.110358 228.556193 228.322914
15.008262 225.538670 225.247922
14.957847 224.021731 223.737183
14.933714 223.280317 223.015813
14.927702 223.079141 222.836281
14.867195 221.301588 221.033476
14.886666 221.866706 221.612817
14.960212 224.120629 223.807939
15.085928 228.115431 227.585217
15.091880 228.264427 227.764836
15.037763 226.655926 226.134302
15.010775 225.830639 225.323359
15.053876 227.136395 226.619181
15.049014 226.965882 226.472825
15.064288 227.408328 226.932784
15.030811 226.404813 225.925289
15.067902 227.532861 227.041675
15.025889 226.291242 225.777341
14.985103 225.089043 224.553320
15.025178 226.313614 225.755977
15.062494 227.454036 226.878718
15.029599 226.474613 225.888836
15.020820 226.193510 225.625024
15.038018 226.701018 226.141996
15.056896 227.262714 226.710114
15.055593 227.206779 226.670871
15.031508 226.485527 225.946238
15.020710 226.149575 225.621730
15.008171 225.763890 225.245205
14.999493 225.492182 224.984804
15.001449 225.537627 225.043460
14.963016 224.429473 223.891849
14.988611 225.208201 224.658468
14.957777 224.309439 223.735083
14.957516 224.287968 223.727284
14.944305 223.887225 223.332250
14.925641 223.332112 222.774772
14.942520 223.836402 223.278912
14.940488 223.763752 223.218196
14.934409 223.572219 223.036569
14.944436 223.865386 223.336171
14.964660 224.479106 223.941058
14.967298 224.547646 224.020018
14.967251 224.535887 224.018604
14.951731 224.073888 223.554269
14.929104 223.414573 222.878134
14.935919 223.610649 223.081682
14.941765 223.777540 223.256345
14.945169 223.870594 223.358069
14.941625 223.756406 223.252169
14.940288 223.707853 223.212208
14.923484 223.214008 222.710387
14.924976 223.250270 222.754911
14.920543 223.111024 222.622606
14.913650 222.900405 222.416968
14.926520 223.287022 222.800990
14.920904 223.113807 222.633382
14.925872 223.256278 222.781665
14.921775 223.127884 222.659371
14.914918 222.919401 222.454777
14.915962 222.943775 222.485911
14.918354 223.008913 222.557296
14.921504 223.097123 222.651272
14.922337 223.115747 222.676127
14.939482 223.642513 223.188127
14.942018 223.712527 223.263902
14.932685 223.433994 222.985073
14.941736 223.704457 223.255460
14.964633 224.422643 223.940232
14.964410 224.409729 223.933580
14.962141 224.336090 223.865649
14.948690 223.941930 223.463332
14.949756 223.967895 223.495190
14.947010 223.880567 223.413095
14.945636 223.833957 223.372033
14.948836 223.924909 223.467711
14.945736 223.827587 223.375033
14.946543 223.846441 223.399157
14.954558 224.086355 223.638812
14.954638 224.083610 223.641210
14.957582 224.167387 223.729261
14.954517 224.071599 223.637568
14.945461 223.803305 223.366798
14.931942 223.411054 222.962896
14.931932 223.405892 222.962605
14.925580 223.215177 222.772945
14.939249 223.636053 223.181150
14.940433 223.666783 223.216537
14.930789 223.382863 222.928473
14.933153 223.449287 222.999045
14.920165 223.073320 222.611310
14.926694 223.267729 222.806206
14.913817 222.895264 222.421940
