5.413553 29.306553 29.306553
5.378999 28.934822 28.933628
5.434685 29.542798 29.535800
5.363342 28.785959 28.765441
5.380123 28.963266 28.945726
5.317817 28.313209 28.279181
5.337793 28.523597 28.492037
5.322630 28.359611 28.330386
5.351677 28.673173 28.640446
5.351493 28.667930 28.638475
5.368297 28.848213 28.818612
5.398326 29.178980 29.141926
5.404024 29.238073 29.203480
5.382405 29.008484 28.970285
5.375207 28.929233 28.892856
5.355076 28.717025 28.676843
5.370083 28.879217 28.837794
5.382219 29.009911 28.968286
5.392061 29.115494 29.074317
5.378567 28.971565 28.928988
5.401637 29.228875 29.177681
5.390094 29.104779 29.053114
5.395887 29.165749 29.115592
5.375109 28.949794 28.891798
5.386397 29.072013 29.013278
5.399319 29.213294 29.152645
5.392542 29.139103 29.079505
5.382459 29.031075 28.970861
5.400559 29.233353 29.166041
5.393422 29.155542 29.088996
5.392568 29.144206 29.079786
5.389927 29.113932 29.051308
5.400168 29.225895 29.161813
5.393774 29.156346 29.092800
5.398301 29.204079 29.141652
5.395606 29.173517 29.112569
5.400844 29.229399 29.169112
5.408560 29.313428 29.252524
5.425305 29.503935 29.433937
5.412317 29.368002 29.293175
5.422269 29.477960 29.400997
5.418619 29.437112 29.361435
5.420439 29.455216 29.381160
5.430013 29.561352 29.485038
5.431326 29.573998 29.499304
5.431016 29.569009 29.495934
5.434733 29.608479 29.536324
5.430060 29.557232 29.485553
5.425979 29.512268 29.441253
5.427167 29.523808 29.454144
5.424414 29.492941 29.424264
5.422368 29.469639 29.402069
5.422525 29.470070 29.403774
5.425350 29.499910 29.434419
5.422654 29.469871 29.405178
5.426838 29.515068 29.450567
5.426051 29.505429 29.442026
5.427143 29.516265 29.453886
5.434066 29.593172 29.529072
5.430528 29.554402 29.490631
5.426756 29.513261 29.449682
5.434090 29.595172 29.529338
5.424810 29.498690 29.428561
5.430759 29.564403 29.493140
5.427872 29.532494 29.461794
5.431268 29.569055 29.498676
5.433491 29.592476 29.522822
5.433126 29.587499 29.518860
5.429467 29.547665 29.479110
5.422945 29.478846 29.408336
5.420904 29.456013 29.386205
5.425040 29.501111 29.431058
5.427039 29.522134 29.452752
5.435035 29.612722 29.539611
5.432675 29.586507 29.513958
5.432668 29.585478 29.513883
5.434558 29.605352 29.534416
5.438176 29.644791 29.573757
5.442475 29.692107 29.620530
5.448769 29.762898 29.689086
5.449262 29.767376 29.694456
5.444431 29.715748 29.641827
5.443820 29.708243 29.635181
5.443667 29.705699 29.633505
5.438621 29.652086 29.578604
5.434369 29.606532 29.532367
5.432199 29.582500 29.508782
5.438186 29.649869 29.573870
5.439278 29.660999 29.585749
5.446175 29.739471 29.660824
5.452497 29.811101 29.729721
5.447047 29.753519 29.670320
5.447074 29.752924 29.670620
5.444758 29.727318 29.645391
5.444442 29.723022 29.641948
5.448942 29.773123 29.690970
5.444183 29.722608 29.639127
5.443876 29.718420 29.635782
5.441608 29.693404 29.611097
5.449555 29.785384 29.697648
