4.9564 24.5659 24.5659
4.98246 24.8256 24.8249
5.0204 25.2078 25.2045
5.062 25.6315 25.6239
5.04874 25.4967 25.4898
5.04736 25.4815 25.4758
5.06781 25.6901 25.6827
5.07585 25.7711 25.7642
5.06241 25.6356 25.628
5.04563 25.4678 25.4584
5.04265 25.4369 25.4283
5.05269 25.5387 25.5297
5.04552 25.4662 25.4573
5.04422 25.4525 25.4442
5.03699 25.3798 25.3713
5.0316 25.3254 25.317
5.0265 25.274 25.2657
5.03075 25.3166 25.3084
5.02988 25.3074 25.2996
5.02854 25.2936 25.2862
5.02448 25.2527 25.2454
5.02809 25.289 25.2817
5.02685 25.2762 25.2692
5.01657 25.1752 25.166
5.01622 25.1713 25.1625
5.01624 25.1711 25.1626
5.01032 25.1124 25.1033
5.01032 25.1121 25.1034
5.01499 25.1592 25.1501
5.01472 25.1561 25.1474
5.01266 25.1354 25.1268
5.01292 25.1377 25.1294
5.01112 25.1195 25.1114
5.01199 25.128 25.12
5.01326 25.1406 25.1328
5.01259 25.1337 25.1261
5.01885 25.1976 25.1888
5.02196 25.229 25.2201
5.02293 25.2386 25.2299
5.02535 25.2629 25.2541
5.02395 25.2487 25.2401
5.02252 25.2342 25.2257
5.02379 25.2468 25.2384
5.02684 25.2776 25.2691
5.03024 25.3122 25.3033
5.02736 25.2834 25.2743
5.0254 25.2637 25.2547
5.02563 25.2658 25.2569
5.02495 25.2588 25.2501
5.02161 25.2257 25.2166
5.02006 25.21 25.201
5.021 25.2193 25.2104
5.01993 25.2084 25.1996
5.02347 25.2446 25.2353
5.02486 25.2584 25.2492
5.02464 25.2561 25.247
5.02203 25.2301 25.2208
5.02141 25.2237 25.2146
5.02189 25.2284 25.2194
5.02137 25.223 25.2142
5.02273 25.2367 25.2278
5.02412 25.2505 25.2417
5.0242 25.2513 25.2426
5.02674 25.2771 25.2681
5.02746 25.2842 25.2754
5.02812 25.2907 25.282
5.02677 25.2771 25.2684
5.02615 25.2708 25.2622
5.0255 25.2642 25.2557
5.02374 25.2466 25.238
5.02405 25.2496 25.2411
5.02251 25.2342 25.2256
5.02347 25.2438 25.2353
5.02256 25.2345 25.2261
5.02061 25.2151 25.2065
5.02042 25.2131 25.2046
5.01911 25.2 25.1915
5.02037 25.2126 25.2041
5.02083 25.2171 25.2087
5.0184 25.1931 25.1843
5.01676 25.1768 25.1679
5.01708 25.1799 25.1711
5.01711 25.1801 25.1714
5.01648 25.1737 25.1651
5.02095 25.2202 25.21
5.02219 25.2326 25.2224
5.02152 25.2258 25.2156
5.02184 25.2289 25.2189
5.02304 25.241 25.2309
5.02394 25.25 25.24
5.02255 25.2361 25.226
5.02425 25.2533 25.2431
5.02428 25.2536 25.2434
5.02488 25.2595 25.2494
5.02462 25.2567 25.2468
5.02313 25.2419 25.2319
5.02359 25.2464 25.2364
5.02099 25.2209 25.2103
5.02151 25.226 25.2156
5.02201 25.231 25.2206
