5.0385128 25.3866115 25.3866115
4.9599216 24.6069989 24.6008223
4.9852305 24.8579220 24.8525232
4.9737982 24.7431095 24.7386683
4.9771872 24.7759913 24.7723924
4.9588467 24.5948415 24.5901606
4.9730999 24.7369541 24.7317229
4.9803382 24.8087125 24.8037685
4.9932126 24.9378927 24.9321720
4.9940780 24.9459709 24.9408155
4.9927251 24.9320090 24.9273040
4.9873721 24.8785088 24.8738807
4.9933265 24.9380066 24.9333090
4.9831718 24.8377037 24.8320012
4.9773983 24.7802832 24.7744942
4.9771772 24.7777212 24.7722932
4.9776999 24.7826089 24.7774959
4.9808347 24.8137108 24.8087148
4.9837164 24.8423122 24.8374296
4.9901980 24.9075124 24.9020757
4.9878101 24.8835412 24.8782494
4.9870246 24.8754790 24.8704148
4.9924692 24.9302445 24.9247483
4.9915893 24.9212489 24.9159639
4.9879833 24.8853635 24.8799779
4.9845146 24.8508652 24.8453859
4.9870870 24.8764855 24.8710371
4.9846496 24.8521463 24.8467321
4.9825911 24.8315607 24.8262145
4.9813117 24.8186821 24.8134667
4.9818653 24.8240384 24.8189820
4.9829446 24.8346709 24.8297364
4.9839600 24.8446755 24.8398576
4.9867964 24.8730805 24.8681387
4.9874078 24.8790498 24.8742365
4.9889960 24.8948492 24.8900814
4.9906559 24.9113848 24.9066466
4.9900550 24.9052755 24.9006487
4.9891711 24.8963661 24.8918282
4.9896495 24.9010350 24.8966016
4.9885572 24.8900763 24.8857033
4.9855062 24.8599227 24.8552722
4.9826905 24.8320802 24.8272048
4.9801238 24.8066808 24.8016330
4.9842170 24.8480921 24.8424192
4.9856852 24.8627032 24.8570567
4.9862358 24.8680880 24.8625477
4.9883825 24.8896018 24.8839603
4.9881471 24.8871405 24.8816115
4.9900906 24.9066079 24.9010044
4.9897934 24.9035367 24.8980386
4.9942322 24.9487522 24.9423551
4.9930230 24.9366314 24.9302789
4.9952601 24.9591232 24.9526231
4.9936128 24.9426975 24.9361691
4.9949704 24.9562423 24.9497292
4.9954781 24.9612143 24.9548010
4.9933982 24.9405747 24.9340253
4.9924279 24.9308289 24.9243359
4.9963412 24.9707135 24.9634252
4.9994608 25.0023609 24.9946082
5.0002966 25.0106365 25.0029662
5.0002681 25.0102297 25.0026811
5.0005012 25.0124465 25.0050125
5.0008171 25.0154973 25.0081712
5.0026408 25.0338458 25.0264146
5.0020319 25.0276682 25.0203234
5.0014823 25.0220820 25.0148249
5.0030144 25.0374648 25.0301533
5.0021710 25.0289713 25.0217151
5.0043582 25.0510901 25.0436013
5.0066046 25.0738328 25.0660897
5.0045579 25.0535382 25.0455996
5.0040483 25.0483500 25.0404997
5.0034484 25.0422678 25.0344956
5.0030139 25.0378326 25.0301484
5.0040985 25.0486753 25.0410015
5.0051948 25.0596425 25.0519746
5.0037268 25.0450205 25.0372816
5.0039359 25.0470199 25.0393743
5.0043779 25.0513655 25.0437986
5.0029428 25.0370785 25.0294371
5.0033710 25.0412861 25.0337217
5.0032931 25.0404163 25.0329414
5.0034451 25.0418515 25.0344626
5.0037913 25.0452402 25.0379271
5.0028902 25.0362097 25.0289108
5.0046209 25.0537071 25.0462306
5.0053248 25.0607127 25.0532765
5.0052030 25.0594120 25.0520572
5.0043316 25.0506772 25.0433349
5.0045901 25.0531906 25.0459220
5.0041678 25.0489026 25.0416957
5.0028370 25.0356729 25.0283780
5.0026622 25.0338497 25.0266287
5.0020776 25.0279589 25.0207807
5.0015913 25.0230421 25.0159152
5.0031086 25.0383732 25.0310957
5.0016757 25.0241653 25.0167601
5.0016019 25.0233538 25.0160220
