21.5521004 464.4930305 464.4930305
20.3970107 417.3722772 416.0380451
19.3941191 379.0329252 376.1318539
19.7857515 394.1118957 391.4759641
19.8889617 397.7221504 395.5707958
19.9736832 400.7767066 398.9480224
20.2643914 412.7200706 410.6455596
20.5263178 423.6251592 421.3297239
20.7976319 435.1707719 432.5414943
20.6186899 427.7849047 425.1303725
20.6977688 430.8733793 428.3976334
20.8023450 435.1272878 432.7375561
20.8111405 435.3104043 433.1035698
20.8820073 438.1727188 436.0582281
20.6514210 429.1990961 426.4811913
20.5095858 423.4929030 420.6431085
20.7131188 432.3782619 429.0332912
20.6663261 430.2933941 427.0970325
20.5302467 424.8524795 421.4910311
20.6014321 427.7086621 424.4190062
20.6977025 431.7132528 428.3948877
20.7241855 432.6741246 429.4918659
20.7796322 434.9046508 431.7931157
20.6908261 431.2735642 428.1102863
20.7658671 434.3931323 431.2212380
20.6821175 430.9752345 427.7499862
20.6056053 427.8489717 424.5909699
20.5378788 425.0699541 421.8044636
20.6293931 428.9592427 425.5718589
20.5276646 424.9595974 421.3850146
20.5395348 425.3359892 421.8724886
20.5656920 426.3241637 422.9476872
20.5640444 426.1541687 422.8799229
20.6034581 427.7316943 424.5024862
20.6845053 431.2090392 427.8487602
20.7577482 434.3388054 430.8841094
20.6909190 431.6362366 428.1141299
20.6635328 430.4387579 426.9815880
20.6854474 431.2745089 427.8877348
20.7260911 432.9373820 429.5708528
20.7770646 435.0747649 431.6864143
20.7833757 435.2580122 431.9487036
20.8195322 436.7401751 433.4529207
20.8729042 439.0131644 435.6781316
20.7753233 435.2939486 431.6140578
20.7129368 432.8007888 429.0257525
20.7762712 435.5326790 431.6534454
20.8201365 437.3669343 433.4780825
20.8548708 438.7930326 434.9256346
20.9054931 440.9552623 437.0396436
20.9344304 442.1310872 438.2503770
20.9418579 442.3703090 438.5614143
20.9620582 443.1661318 439.4078843
20.9822179 443.9636579 440.2534678
20.9570592 442.8752440 439.1983321
20.9313916 441.7706415 438.1231532
20.9237105 441.3884636 437.8016624
20.9586454 442.8593440 439.2648187
20.9599669 442.8539151 439.3202126
20.9444895 442.1605821 438.6716413
20.9054092 440.5595149 437.0361334
20.9341469 441.7554359 438.2385061
20.9545983 442.5822293 439.0951915
20.9940599 444.2812065 440.7505493
21.0219508 445.4485426 441.9224172
21.0450020 446.3993460 442.8921087
21.0317890 445.8025628 442.3361499
21.0397074 446.0889258 442.6692885
21.0293380 445.6104461 442.2330572
20.9785455 443.6065245 440.0993725
20.9434869 442.1734355 438.6296423
20.8828309 439.8484212 436.0926283
20.8810607 439.7232646 436.0186953
20.8567051 438.6999591 435.0021484
20.8467535 438.2429653 434.5871302
20.8640612 438.9392470 435.3090482
20.8895664 440.0064752 436.3739828
20.9069022 440.7076245 437.0985615
20.9392824 442.0987072 438.4535474
20.9353449 441.8894849 438.2886648
20.9196752 441.2088201 437.6328116
20.9268260 441.4685886 437.9320481
20.9404853 442.0131554 438.5039246
20.9045778 440.5758446 437.0013747
20.9049802 440.5506263 437.0181954
20.9001644 440.3101992 436.8168717
20.9081055 440.6074718 437.1488743
20.8894342 439.8180852 436.3684603
20.8614163 438.6786356 435.1986904
20.8344499 437.5802998 434.0743008
20.8521904 438.3096401 434.8138433
20.8523189 438.2770057 434.8192052
20.8577325 438.4683225 435.0450063
20.8728757 439.0851649 435.6769406
20.8795367 439.3315738 435.9550548
20.8718512 438.9811319 435.6341736
20.8522189 438.1644861 434.8150313
20.8535500 438.1859979 434.8705493
20.8679654 438.7743030 435.4719792
20.8678948 438.7383342 435.4690331
