11.9214669 142.1213730 142.1213730
12.1151244 146.8137432 146.7762400
12.3527853 152.7292732 152.5913056
12.3313738 152.1676307 152.0627796
12.3458920 152.5057732 152.4210493
12.3945379 153.7070046 153.6245692
12.4651350 155.4801526 155.3795900
12.4139074 154.2114587 154.1050966
12.5065254 156.5763471 156.4131781
12.5210549 156.9255667 156.7768147
12.5581364 157.8557687 157.7067893
12.5496062 157.6299816 157.4926167
12.5425403 157.4427147 157.3153172
12.4591047 155.4380864 155.2292892
12.4961505 156.3678695 156.1537785
12.4604714 155.4831536 155.2633484
12.5108308 156.7683410 156.5208883
12.4786278 155.9674871 155.7161522
12.4567462 155.4172517 155.1705265
12.4433770 155.0754157 154.8376307
12.4594547 155.4696430 155.2380113
12.4501315 155.2287017 155.0057733
12.4511795 155.2451299 155.0318699
12.4300368 154.7204711 154.5058157
12.4216798 154.5058749 154.2981296
12.4303769 154.7159163 154.5142702
12.4105388 154.2258822 154.0214721
12.4183444 154.4140331 154.2152783
12.4156342 154.3400783 154.1479714
12.3803626 153.4951598 153.2733780
12.3926822 153.7977529 153.5785722
12.3764928 153.3980301 153.1775738
12.3627096 153.0564438 152.8365888
12.3797461 153.4810791 153.2581125
12.3936636 153.8260792 153.6028973
12.3642044 153.1209083 152.8735514
12.3422438 152.5890149 152.3309816
12.3568388 152.9505885 152.6914641
12.3878382 153.7475332 153.4585362
12.3924311 153.8549439 153.5723491
12.3977165 153.9801932 153.7033736
12.3908998 153.8065317 153.5343980
12.3966682 153.9445859 153.6773833
12.4046238 154.1385441 153.8746927
12.4142934 154.3767818 154.1146798
12.4101560 154.2691452 154.0119707
12.4338315 154.8776515 154.6001645
12.4172783 154.4733838 154.1887994
12.4084182 154.2513865 153.9688419
12.4092064 154.2653278 153.9884036
12.4061735 154.1850961 153.9131420
12.4114798 154.3129915 154.0448312
12.4252937 154.6609460 154.3879226
12.4389798 155.0061140 154.7282191
12.4381232 154.9797901 154.7069082
12.4337825 154.8679936 154.5989483
12.4320474 154.8202962 154.5558024
12.4301115 154.7678194 154.5076723
12.4221024 154.5680869 154.3086286
12.4138830 154.3636108 154.1044908
12.4128461 154.3336839 154.0787472
12.4123584 154.3174796 154.0666403
12.4182521 154.4619976 154.2129862
12.4210450 154.5279712 154.2823592
12.4123836 154.3139018 154.0672672
12.4053903 154.1397862 153.8937096
12.4031868 154.0817662 153.8390419
12.4042759 154.1052949 153.8660606
12.4058338 154.1406445 153.9047124
12.3870571 153.6960725 153.4391838
12.3892670 153.7475495 153.4939372
12.3936099 153.8529964 153.6015674
12.3950112 153.8844282 153.6363020
12.3938369 153.8520678 153.6071940
12.3947960 153.8726452 153.6309683
12.3995970 153.9902310 153.7500054
12.3985705 153.9617361 153.7245502
12.4071119 154.1761891 153.9364264
12.4045848 154.1109498 153.8737239
12.4093442 154.2278732 153.9918231
12.4091694 154.2206228 153.9874845
12.4082703 154.1955320 153.9651714
12.4135760 154.3267617 154.0968682
12.4241838 154.5968406 154.3603442
12.4087693 154.2312297 153.9775566
12.4101110 154.2617309 154.0108545
12.4159897 154.4077649 154.1568001
12.4189329 154.4787611 154.2298945
12.4217387 154.5463549 154.2995918
12.4296836 154.7466724 154.4970333
12.4255519 154.6427727 154.3943406
12.4302326 154.7584071 154.5106817
12.4394901 154.9938598 154.7409135
12.4368278 154.9255993 154.6746848
12.4376294 154.9429594 154.6946257
12.4411657 155.0295391 154.7826041
12.4459862 155.1491918 154.9025718
12.4471008 155.1745434 154.9303195
12.4506630 155.2620091 155.0190086
12.4549333 155.3677400 155.1253641
