10.4006548 108.1736198 108.1736198
10.3453543 107.0294133 107.0263552
10.4145791 108.4750811 108.4634581
10.3572614 107.2914363 107.2728632
10.3170054 106.4619401 106.4405994
10.2829141 105.7619175 105.7383225
10.2942224 105.9920062 105.9710146
10.2973952 106.0547856 106.0363475
10.3216479 106.5575103 106.5364154
10.3273987 106.6744475 106.6551644
10.3621566 107.4039011 107.3742899
10.3325399 106.7981735 106.7613813
10.3517685 107.1975099 107.1591110
10.3329454 106.8100229 106.7697608
10.3371067 106.8935960 106.8557756
10.3789212 107.7836893 107.7220059
10.4147883 108.5464536 108.4678154
10.4321065 108.9082132 108.8288453
10.4219767 108.6946369 108.6175991
10.4064474 108.3719156 108.2941477
10.4225235 108.7082306 108.6289971
10.4261384 108.7802690 108.7043627
10.4305290 108.8689647 108.7959345
10.4481821 109.2416630 109.1645082
10.4433193 109.1375536 109.0629175
10.4409716 109.0857908 109.0138875
10.4426872 109.1190336 109.0497169
10.4545812 109.3689288 109.2982681
10.4591497 109.4626202 109.3938117
10.4618812 109.5176892 109.4509579
10.4749163 109.7935470 109.7238710
10.4743156 109.7787976 109.7112877
10.4639470 109.5630904 109.4941860
10.4637513 109.5569695 109.4900904
10.4636148 109.5522044 109.4872355
10.4481433 109.2352396 109.1636975
10.4477681 109.2254714 109.1558577
10.4509100 109.2896668 109.2215199
10.4552019 109.3783463 109.3112467
10.4521107 109.3124133 109.2466185
10.4597401 109.4726819 109.4061636
10.4637627 109.5559268 109.4903289
10.4667691 109.6177070 109.5532549
10.4712063 109.7099962 109.6461623
10.4656323 109.5932427 109.5294603
10.4680280 109.6422636 109.5796095
10.4734091 109.7549510 109.6922980
10.4688102 109.6583295 109.5959877
10.4627218 109.5313957 109.4685469
10.4669868 109.6202968 109.5578136
10.4698183 109.6787551 109.6170962
10.4652723 109.5834520 109.5219249
10.4717749 109.7206337 109.6580688
10.4781934 109.8561267 109.7925369
10.4781031 109.8530793 109.7906453
10.4747005 109.7813074 109.7193514
10.4691638 109.6659765 109.6033908
10.4670644 109.6211959 109.5594380
10.4735025 109.7573698 109.6942547
10.4753895 109.7960577 109.7337844
10.4839164 109.9781175 109.9125026
10.4805094 109.9063421 109.8410774
10.4776447 109.8457755 109.7810379
10.4747218 109.7840611 109.7197968
10.4761604 109.8133455 109.7499375
10.4750607 109.7894229 109.7268971
10.4753771 109.7951251 109.7335258
10.4736513 109.7582639 109.6973710
10.4728707 109.7410732 109.6810213
10.4676049 109.6318591 109.5707518
10.4659714 109.5969908 109.5365573
10.4645608 109.5667691 109.5070337
10.4603838 109.4798031 109.4196298
10.4569075 109.4071575 109.3469152
10.4587326 109.4447722 109.3850867
10.4647839 109.5733484 109.5117018
10.4570091 109.4144797 109.3490397
10.4571623 109.4168465 109.3522437
10.4569427 109.4114400 109.3476512
10.4617230 109.5124438 109.4476471
10.4643115 109.5663479 109.5018152
10.4696432 109.6794766 109.6134283
10.4684217 109.6532286 109.5878538
10.4715761 109.7193284 109.6539059
10.4722810 109.7333633 109.6686688
10.4725012 109.7372287 109.6732823
10.4722644 109.7315380 109.6683218
10.4718555 109.7222698 109.6597574
10.4704003 109.6912780 109.6292817
10.4733222 109.7525462 109.6904788
10.4739078 109.7641608 109.7027446
10.4701831 109.6867453 109.6247342
10.4667979 109.6162566 109.5538580
10.4649927 109.5781111 109.5160733
10.4684258 109.6504306 109.5879380
10.4687940 109.6575018 109.5956473
10.4718345 109.7214222 109.6593179
10.4753910 109.7965147 109.7338171
10.4783759 109.8592990 109.7963616
10.4806085 109.9059565 109.8431550
