1.41346 1.99786 1.99786
1.44091 2.07699 2.07623
1.44981 2.10262 2.10196
1.47629 2.18203 2.17943
1.46997 2.16304 2.16081
1.46376 2.14464 2.14258
1.46077 2.13568 2.13386
1.46932 2.16099 2.15889
1.47243 2.16998 2.16804
1.47462 2.17629 2.17449
1.46926 2.16063 2.15871
1.46826 2.15755 2.15579
1.47478 2.17711 2.17497
1.46582 2.15167 2.14864
1.47189 2.16981 2.16647
1.47826 2.189 2.18526
1.4783 2.18888 2.18536
1.48265 2.20191 2.19826
1.48235 2.20083 2.19737
1.48508 2.20889 2.20546
1.4859 2.21117 2.20789
1.48714 2.21475 2.21159
1.48783 2.21669 2.21365
1.48649 2.21261 2.20966
1.48812 2.21739 2.21449
1.48791 2.21667 2.21389
1.49003 2.22298 2.22018
1.49195 2.2287 2.22591
1.49114 2.22621 2.22349
1.49151 2.22724 2.2246
1.49052 2.22422 2.22164
1.49177 2.22792 2.22537
1.49243 2.22983 2.22734
1.49278 2.23082 2.22841
1.49315 2.23184 2.22949
1.49291 2.23106 2.22877
1.49256 2.22996 2.22773
1.49357 2.23297 2.23076
1.49353 2.2328 2.23065
1.495 2.23722 2.23504
1.49459 2.23592 2.23379
1.49492 2.23688 2.23479
1.49509 2.23735 2.23531
1.49638 2.24122 2.23916
1.49613 2.24044 2.23841
1.49801 2.24616 2.24402
1.4977 2.2452 2.24311
1.49718 2.24362 2.24155
1.49717 2.24354 2.24152
1.49623 2.24073 2.2387
1.49735 2.24411 2.24206
1.49744 2.24433 2.24232
1.49776 2.24527 2.24329
1.49752 2.24452 2.24258
1.49732 2.24387 2.24196
1.49796 2.2458 2.2439
1.49629 2.2409 2.23888
1.49475 2.23641 2.23429
1.49516 2.23759 2.23549
1.49533 2.23808 2.23601
1.49541 2.23828 2.23625
1.49602 2.24009 2.23807
1.49642 2.24126 2.23926
1.49708 2.24323 2.24124
1.49666 2.24198 2.24
1.49725 2.24374 2.24177
1.49684 2.24249 2.24054
1.49628 2.24079 2.23885
1.49646 2.24132 2.2394
1.49715 2.24338 2.24146
1.49778 2.24526 2.24334
1.49678 2.24233 2.24036
1.49699 2.24291 2.24097
1.49717 2.24344 2.24152
1.49592 2.23978 2.23777
1.49535 2.23809 2.23608
1.49527 2.2378 2.23582
1.49487 2.2366 2.23464
1.49493 2.23676 2.23482
1.49457 2.23566 2.23374
1.49493 2.23673 2.23482
1.49475 2.23618 2.23429
1.4948 2.23629 2.23442
1.49512 2.23724 2.23539
1.49515 2.23731 2.23547
1.4954 2.23805 2.23623
1.49502 2.2369 2.23509
1.49549 2.23831 2.2365
1.4954 2.23802 2.23623
1.49616 2.24032 2.2385
1.49659 2.24161 2.23979
1.49651 2.24134 2.23954
1.49644 2.24111 2.23933
1.49561 2.23869 2.23686
1.49654 2.24151 2.23963
1.49762 2.24483 2.24286
1.49787 2.24558 2.24362
1.49794 2.24577 2.24382
1.4982 2.24653 2.2446
1.49903 2.24909 2.2471
