4.90383 24.0475 24.0475
4.90609 24.0697 24.0697
4.93228 24.3288 24.3274
4.96415 24.6468 24.6428
4.94627 24.4701 24.4656
4.97958 24.8056 24.7962
4.97431 24.7519 24.7437
4.9784 24.7917 24.7844
4.97518 24.7589 24.7524
4.98647 24.8719 24.8649
4.99554 24.9626 24.9554
4.99523 24.9589 24.9523
4.99958 25.0022 24.9958
5.00121 25.018 25.0121
5.00329 25.0385 25.0329
5.00822 25.0878 25.0823
5.00417 25.0473 25.0417
5.00581 25.0634 25.0581
5.01388 25.1451 25.139
5.01291 25.1352 25.1293
5.0147 25.1529 25.1473
5.01126 25.1183 25.1127
5.00885 25.0942 25.0886
5.00588 25.0643 25.0588
5.00363 25.0417 25.0363
5.00257 25.031 25.0258
5.00605 25.0659 25.0605
5.00385 25.0438 25.0385
4.99887 24.9945 24.9887
4.99548 24.9608 24.9548
4.99699 24.9757 24.9699
4.9996 25.0018 24.996
4.99723 24.9782 24.9724
4.99885 24.9943 24.9885
5.00159 25.0218 25.0159
4.9965 24.9716 24.965
4.99528 24.9593 24.9528
4.99898 24.9966 24.9898
5.00304 25.0377 25.0304
5.00272 25.0343 25.0272
5.00324 25.0393 25.0324
5.00355 25.0423 25.0355
5.00527 25.0595 25.0527
5.00452 25.0518 25.0452
5.00444 25.0508 25.0444
5.00693 25.0759 25.0693
5.00448 25.0515 25.0448
5.00239 25.0307 25.0239
5.00237 25.0304 25.0237
4.99984 25.0052 24.9984
5 25.0067 25
4.99847 24.9914 24.9847
4.99695 24.9762 24.9695
4.9989 24.9957 24.989
4.99931 24.9998 24.9931
5.00311 25.0385 25.0312
5.00059 25.0134 25.0059
4.9995 25.0025 24.995
5.00457 25.0545 25.0457
5.00408 25.0496 25.0408
5.00191 25.0279 25.0191
5.0035 25.0439 25.035
5.00524 25.0613 25.0524
5.007 25.079 25.07
5.00615 25.0704 25.0616
5.00899 25.0992 25.0899
5.00705 25.0799 25.0705
5.00691 25.0784 25.0692
5.00858 25.0952 25.0859
5.00962 25.1055 25.0963
5.01033 25.1125 25.1034
5.00773 25.0869 25.0774
5.00696 25.079 25.0696
5.00841 25.0936 25.0842
5.00825 25.0919 25.0826
5.00825 25.0918 25.0826
5.00814 25.0906 25.0815
5.00792 25.0883 25.0793
5.007 25.079 25.07
5.00862 25.0953 25.0863
5.0075 25.084 25.075
5.01028 25.1125 25.1029
5.01078 25.1173 25.1079
5.00994 25.1088 25.0995
5.01245 25.1344 25.1246
5.0124 25.1339 25.1242
5.01259 25.1356 25.126
5.01152 25.1249 25.1154
5.01056 25.1152 25.1057
5.01009 25.1104 25.101
5.0108 25.1175 25.1081
5.01168 25.1263 25.1169
5.01023 25.1119 25.1024
5.00973 25.1067 25.0974
5.00819 25.0915 25.082
5.01066 25.1167 25.1067
5.00943 25.1044 25.0944
5.0085 25.0951 25.0851
5.00831 25.093 25.0831
5.00867 25.0966 25.0868
