0.000000 0.000000
1.000000 0.000000
1.279943 0.005656
1.638232 0.005531
1.852821 0.007244
2.100796 0.007352
2.275169 0.008657
2.460115 0.008711
2.617422 0.009105
2.784576 0.010116
2.930893 0.010499
3.080455 0.013057
3.215183 0.015009
3.348487 0.015799
3.465508 0.016714
3.591954 0.017817
3.709618 0.017566
3.836307 0.017925
3.945301 0.017907
4.057865 0.018760
4.154873 0.019387
4.258776 0.020591
4.351921 0.019339
4.438258 0.019353
4.538916 0.019551
4.627330 0.019820
4.722578 0.018993
4.802822 0.018773
4.895371 0.017827
4.979879 0.017661
5.069916 0.016663
5.155670 0.017696
5.228185 0.018045
5.313781 0.019430
5.394602 0.020408
5.472772 0.020906
5.552820 0.020051
5.625722 0.020803
5.702919 0.021613
5.776963 0.021579
5.851481 0.022619
5.928770 0.021868
5.995901 0.021374
6.065818 0.021747
6.137734 0.022316
6.208765 0.022608
6.280733 0.021835
6.346206 0.021611
6.416647 0.022236
6.482442 0.023222
6.548893 0.022767
6.610309 0.021597
6.670159 0.021729
6.732710 0.022232
6.800274 0.021402
6.856332 0.020850
6.917398 0.021987
6.984964 0.023089
7.043251 0.023359
7.110388 0.023486
7.162010 0.023430
7.223957 0.023498
7.274016 0.024325
7.329824 0.024317
7.377566 0.025253
7.433723 0.026604
7.496914 0.026708
7.556283 0.027016
7.618011 0.027110
7.673157 0.027821
7.727243 0.028309
7.783788 0.027485
7.835762 0.027767
7.889090 0.028565
7.953948 0.030082
8.002023 0.031150
8.061559 0.032442
8.112804 0.032359
8.163116 0.031500
8.213608 0.030890
8.269314 0.031555
8.314661 0.031925
8.375125 0.032271
8.437621 0.032916
8.490413 0.033406
8.535643 0.033346
8.584484 0.033190
8.640854 0.033218
8.688096 0.033364
8.739670 0.032274
8.783969 0.032139
8.832210 0.031878
8.876247 0.032071
8.924268 0.031771
8.966532 0.032079
9.013142 0.032639
9.052815 0.031994
9.097450 0.032896
9.141406 0.033008
9.186704 0.032673
9.222844 0.032802
