0.000000 0.000000 0.000000 0.000000 0.000000 0.000000 0.000000 0.000000 0.000000 0.000000 0.000000 0.000000 
1.000000 1.000000 1.000000 1.000000 1.000000 1.000000 1.000000 1.000000 1.000000 1.000000 1.000000 1.000000 
0.000000 1.414214 1.414214 1.414214 1.414214 2.000000 1.414214 1.414214 1.414214 2.000000 1.414214 1.414214 
1.000000 1.732051 1.732051 1.732051 2.236068 2.236068 1.000000 2.236068 1.000000 2.236068 2.236068 2.236068 
1.414214 1.414214 1.414214 1.414214 2.828427 2.449490 2.000000 2.000000 1.414214 3.162278 1.414214 3.162278 
1.732051 1.000000 2.236068 1.732051 2.236068 2.236068 2.236068 3.000000 1.000000 4.123106 1.000000 2.236068 
2.449490 0.000000 2.828427 1.414214 2.449490 2.828427 3.162278 4.000000 0.000000 3.162278 0.000000 2.449490 
3.316625 1.000000 3.000000 2.236068 2.236068 2.236068 3.000000 4.123106 1.000000 3.000000 1.000000 3.000000 
3.162278 1.414214 3.464102 3.162278 2.449490 1.414214 3.162278 4.472136 2.000000 3.162278 1.414214 3.741657 
3.316625 1.000000 4.123106 3.316625 1.732051 1.732051 3.000000 5.000000 2.236068 3.000000 1.000000 4.123106 
3.741657 1.414214 3.464102 3.741657 2.449490 1.414214 3.162278 5.099020 1.414214 4.000000 1.414214 3.741657 
4.123106 2.236068 4.123106 4.582576 3.000000 1.000000 3.316625 5.385165 1.732051 3.000000 2.236068 4.123106 
3.464102 2.828427 4.690416 5.477226 3.464102 1.414214 3.741657 5.830952 1.414214 3.162278 2.000000 4.690416 
4.123106 2.236068 5.196152 5.744563 3.000000 1.000000 3.605551 5.385165 1.732051 4.123106 1.000000 4.123106 
4.690416 2.000000 4.690416 6.633250 3.741657 1.414214 3.162278 5.830952 1.414214 4.472136 1.414214 4.690416 
5.385165 1.000000 5.385165 6.403124 4.582576 1.000000 3.605551 6.557439 1.732051 4.582576 1.732051 5.385165 
6.164414 1.414214 4.898979 7.348469 3.741657 1.414214 3.741657 7.348469 2.449490 5.477226 2.449490 4.690416 
6.557439 2.236068 5.744563 7.549834 3.316625 1.000000 3.000000 7.000000 3.000000 4.582576 3.000000 4.123106 
7.348469 2.449490 6.164414 8.485281 3.162278 1.414214 2.828427 7.348469 3.741657 4.242641 3.741657 3.741657 
8.185353 3.000000 6.557439 8.306624 2.236068 1.000000 2.236068 7.000000 3.605551 4.123106 4.582576 3.000000 
8.602325 3.464102 7.071068 7.348469 2.000000 1.414214 2.000000 7.483315 2.828427 4.000000 4.242641 2.449490 
8.306624 3.000000 7.681146 7.141428 2.236068 1.000000 2.236068 7.810250 2.236068 4.123106 4.582576 2.236068 
8.602325 3.464102 7.071068 7.071068 2.449490 1.414214 2.449490 8.366600 2.449490 4.000000 5.477226 2.449490 
7.810250 3.000000 6.708204 6.082763 1.732051 1.000000 1.732051 7.810250 3.316625 3.000000 5.385165 3.000000 
7.348469 2.449490 7.348469 7.071068 1.414214 1.414214 2.449490 8.366600 2.449490 2.000000 5.099020 3.741657 
8.185353 1.732051 7.141428 7.141428 1.732051 1.000000 3.000000 7.681146 3.000000 2.236068 5.196152 4.582576 
7.874008 2.449490 7.874008 7.071068 2.449490 1.414214 2.828427 8.366600 2.828427 2.449490 5.477226 5.099020 
8.185353 2.236068 7.810250 6.082763 2.236068 2.236068 2.236068 8.774964 2.236068 2.236068 6.403124 5.916080 
7.348469 1.414214 7.211103 6.324555 1.414214 2.449490 1.414214 9.380832 3.162278 2.449490 6.782330 6.782330 
8.185353 1.732051 7.280110 6.082763 1.732051 2.236068 1.732051 9.848858 3.000000 1.732051 7.280110 6.403124 
7.874008 2.449490 7.483315 6.164414 2.449490 2.000000 1.414214 10.392305 3.162278 1.414214 6.782330 6.164414 
7.681146 3.000000 6.708204 6.403124 2.236068 2.236068 1.000000 11.000000 4.123106 1.732051 7.681146 6.082763 
6.782330 2.828427 6.000000 6.164414 3.162278 2.449490 0.000000 11.575837 4.242641 2.449490 7.348469 5.099020 
7.280110 3.000000 6.708204 5.196152 3.000000 3.000000 1.000000 12.206556 4.582576 3.000000 7.681146 6.082763 
8.124038 2.828427 7.483315 5.099020 3.162278 2.449490 1.414214 12.806248 4.242641 3.464102 7.615773 7.071068 
9.000000 2.236068 7.280110 5.196152 4.123106 2.236068 1.000000 13.304135 4.123106 4.123106 7.681146 6.082763 
9.165151 3.162278 6.480741 5.477226 4.472136 2.828427 1.414214 12.727922 4.242641 4.690416 8.602325 6.164414 
8.306624 3.316625 7.280110 4.582576 4.582576 2.236068 2.236068 12.206556 4.123106 5.385165 8.306624 6.082763 
8.124038 2.449490 7.483315 4.472136 4.898979 2.828427 2.000000 12.727922 4.242641 5.099020 8.124038 6.000000 
8.062258 2.236068 7.000000 5.000000 4.123106 3.605551 2.236068 13.304135 4.123106 5.385165 8.062258 6.082763 
8.124038 2.449490 7.483315 5.656854 3.741657 4.472136 2.000000 12.727922 3.162278 6.000000 9.055385 7.071068 
8.062258 1.732051 8.306624 6.403124 4.358899 3.605551 1.000000 13.304135 3.000000 5.385165 9.110434 7.141428 
8.602325 1.414214 8.124038 5.830952 5.099020 3.741657 2.000000 13.928388 3.162278 6.164414 9.055385 8.124038 
8.062258 1.000000 7.280110 5.000000 4.582576 3.605551 2.236068 14.456832 2.236068 5.744563 9.110434 9.110434 
8.602325 1.414214 7.483315 5.830952 4.898979 3.162278 2.000000 13.928388 2.828427 6.633250 8.124038 8.124038 
9.219544 2.236068 7.280110 5.385165 5.385165 2.236068 3.000000 14.525839 3.000000 6.403124 8.062258 7.141428 
9.273618 3.162278 7.211103 5.830952 5.099020 2.000000 2.000000 15.033296 2.828427 7.348469 8.000000 8.124038 
10.049876 4.123106 8.062258 5.385165 4.358899 2.236068 2.236068 15.588457 2.236068 7.681146 8.062258 9.110434 
9.486833 4.242641 8.124038 6.324555 5.099020 1.414214 2.449490 15.033296 2.828427 7.874008 8.246211 9.273618 
8.660254 4.582576 7.280110 6.708204 5.000000 2.236068 3.000000 14.456832 2.236068 8.774964 7.280110 10.246951 
8.602325 4.472136 7.211103 7.615773 5.099020 2.000000 2.449490 13.928388 3.162278 8.485281 8.246211 9.273618 
9.433981 5.385165 7.280110 8.544004 5.916080 3.000000 3.000000 14.456832 4.123106 9.433981 8.062258 9.110434 
8.602325 4.472136 7.211103 8.246211 6.164414 4.000000 2.449490 15.033296 4.000000 10.392305 8.000000 8.124038 
8.660254 3.605551 8.062258 7.280110 5.916080 4.123106 3.000000 15.588457 4.123106 10.246951 8.062258 8.062258 
8.602325 3.741657 7.615773 6.324555 6.480741 5.099020 2.828427 16.186414 4.000000 9.273618 7.071068 8.124038 
7.810250 4.123106 7.681146 6.708204 7.280110 6.082763 3.605551 15.652476 4.123106 9.433981 8.062258 7.141428 
7.071068 3.464102 7.874008 6.782330 6.480741 6.164414 4.242641 15.099669 4.472136 9.695360 7.071068 7.348469 
7.810250 4.123106 7.681146 6.708204 5.744563 6.082763 4.358899 14.594520 4.582576 8.774964 8.062258 6.403124 
7.211103 4.690416 8.124038 6.782330 5.099020 6.324555 4.242641 15.099669 5.099020 9.695360 7.071068 7.348469 
8.062258 4.358899 7.280110 5.916080 5.916080 5.385165 4.358899 15.652476 4.358899 9.539392 7.000000 6.403124 
8.602325 4.242641 8.124038 6.480741 6.480741 5.099020 5.099020 16.309506 5.099020 9.486833 7.071068 6.324555 
8.660254 5.000000 8.062258 6.403124 6.708204 5.385165 5.385165 17.000000 5.916080 8.544004 7.280110 6.403124 
7.874008 4.242641 8.944272 5.656854 6.480741 5.477226 5.830952 17.720045 5.830952 8.944272 7.071068 6.782330 
7.280110 4.358899 9.000000 5.744563 7.280110 5.916080 6.403124 18.248288 5.916080 8.544004 7.280110 7.681146 
7.874008 4.242641 8.602325 5.656854 7.211103 5.477226 7.071068 18.708287 5.830952 7.615773 8.246211 6.782330 
8.062258 5.000000 9.000000 5.744563 7.280110 5.385165 6.403124 19.261360 5.916080 8.062258 8.062258 7.280110 
8.717798 5.830952 9.165151 5.099020 7.874008 5.477226 6.000000 18.601075 6.782330 7.615773 8.000000 8.124038 
8.544004 6.708204 9.000000 5.916080 8.544004 5.385165 6.708204 18.138357 7.280110 7.280110 7.000000 8.062258 
7.874008 7.211103 8.602325 5.830952 9.273618 6.324555 7.483315 18.601075 6.480741 8.246211 8.000000 7.615773 
8.660254 7.810250 8.306624 5.385165 10.049876 6.403124 7.280110 19.209373 6.403124 9.219544 8.062258 8.062258 
9.486833 7.071068 8.602325 4.472136 9.486833 5.477226 8.124038 19.849433 7.211103 8.246211 8.124038 7.211103 
10.049876 7.141428 9.539392 5.385165 8.660254 4.582576 7.280110 20.518285 7.280110 9.219544 8.062258 7.280110 
10.862780 7.874008 9.695360 6.324555 8.602325 5.099020 6.480741 20.099751 8.124038 9.486833 8.246211 6.782330 
11.704700 7.810250 10.630146 6.082763 8.660254 5.916080 6.403124 19.723083 8.660254 10.440307 8.306624 5.916080 
12.247449 7.211103 10.862780 6.324555 7.874008 6.480741 6.480741 20.099751 8.831761 10.770330 7.348469 5.477226 
12.369317 7.810250 11.789826 6.082763 8.062258 5.916080 7.141428 19.416488 8.660254 9.848858 8.306624 4.582576 
12.569805 8.602325 12.727922 6.324555 8.831761 6.164414 7.874008 19.026298 7.874008 10.770330 9.273618 4.242641 
12.369317 9.433981 13.000000 6.082763 8.062258 5.385165 7.810250 18.411953 8.544004 10.440307 8.306624 4.123106 
13.190906 10.295630 13.341664 6.164414 8.717798 6.164414 7.874008 19.131126 8.717798 9.486833 8.246211 4.242641 
13.747727 9.848858 14.247807 5.196152 8.062258 5.385165 8.062258 18.411953 8.062258 9.848858 8.306624 3.316625 
13.928388 9.486833 13.341664 6.164414 8.717798 4.690416 8.366600 19.131126 8.366600 9.899495 9.273618 3.162278 
14.730920 9.539392 14.247807 6.082763 9.433981 5.196152 7.810250 19.519221 7.810250 10.049876 9.539392 2.236068 
14.966630 8.602325 13.341664 6.000000 9.273618 4.690416 8.366600 18.973666 8.602325 10.488088 8.602325 2.000000 
14.730920 9.539392 13.601471 5.000000 8.660254 4.123106 7.810250 18.574176 9.433981 10.049876 7.681146 1.000000 
15.556349 8.602325 13.266499 5.099020 7.874008 3.464102 8.602325 18.055470 9.055385 9.695360 8.124038 1.414214 
16.093477 9.539392 13.000000 5.000000 8.062258 4.123106 8.185353 18.466185 8.185353 9.949874 7.280110 1.000000 
16.309506 9.273618 13.266499 4.000000 8.366600 4.690416 7.874008 18.055470 9.055385 9.055385 7.211103 1.414214 
17.117243 10.246951 13.000000 3.000000 8.062258 5.196152 7.549834 18.841444 8.774964 9.949874 6.403124 2.236068 
16.911535 9.273618 13.928388 4.000000 7.483315 4.690416 6.633250 18.384776 9.165151 10.862780 5.830952 3.162278 
17.748239 9.219544 14.247807 4.123106 6.708204 5.385165 6.403124 18.841444 10.049876 9.949874 5.000000 3.000000 
18.601075 9.055385 15.165751 3.162278 6.164414 6.000000 6.164414 19.339080 9.899495 9.055385 5.830952 3.162278 
19.467922 10.049876 15.394804 2.236068 6.557439 6.708204 6.403124 20.124612 10.344080 9.433981 6.708204 3.316625 
20.346990 9.055385 15.684387 2.828427 6.164414 6.164414 6.782330 20.639767 11.224972 9.899495 5.830952 3.162278 
20.808652 9.110434 16.583124 2.236068 6.708204 6.557439 6.708204 20.322401 12.124356 9.433981 5.000000 2.236068 
21.307276 9.273618 16.309506 2.000000 6.164414 6.164414 6.782330 19.798990 13.038405 9.055385 4.242641 1.414214 
20.808652 10.246951 16.583124 2.236068 5.385165 5.744563 7.000000 20.124612 13.964240 8.774964 5.000000 1.000000 
21.307276 10.198039 17.492856 2.828427 4.690416 5.477226 7.874008 19.339080 13.638182 9.055385 5.830952 2.000000 
22.158520 10.440307 17.233688 3.000000 5.385165 5.385165 7.000000 19.723083 14.594520 9.433981 5.916080 1.000000 
23.021729 10.770330 17.549929 2.449490 6.164414 4.472136 6.782330 20.248457 14.899664 9.899495 5.477226 1.414214 
23.515952 11.180340 17.349352 2.236068 6.708204 4.582576 6.403124 20.808652 15.000000 9.110434 5.744563 1.000000 
24.372115 10.295630 17.720045 2.000000 7.348469 5.099020 6.164414 21.213203 14.696938 8.831761 5.477226 0.000000 