93.220000 8689.968400 8689.968400
86.160000 7473.389200 7423.545600
85.780000 7391.726267 7358.208400
86.940000 7587.738800 7558.563600
89.364000 8032.767760 7985.924496
94.673333 9143.021200 8963.040044
95.422857 9263.161943 9105.521665
94.565000 9085.625900 8942.539225
95.493333 9253.059289 9118.976711
98.042000 9791.369400 9612.233764
96.967273 9577.052945 9402.651980
98.618333 9915.429233 9725.575669
100.555385 10331.660831 10111.385375
99.984286 10205.638886 9996.857390
99.853333 10165.790987 9970.688178
100.008750 10185.021275 10001.750077
99.557647 10087.471529 9911.725088
99.757778 10118.277867 9951.614227
98.688421 9917.879747 9739.404450
99.921000 10182.623540 9984.206241
99.396190 10074.080038 9879.602681
99.009091 9991.584327 9802.800083
99.338261 10051.050070 9868.090073
99.135000 10004.035133 9827.748225
99.229600 10015.963728 9846.513516
98.702308 9912.029369 9742.145544
98.935556 9953.250504 9788.244153
100.160000 10231.619000 10032.025600
100.038621 10200.849021 10007.725629
99.876000 10162.668240 9975.215376
99.969032 10175.473058 9993.807411
100.210000 10219.832725 10042.044100
100.624848 10303.268400 10125.360133
101.065294 10393.271094 10214.193675
101.413143 10462.700423 10284.625544
101.635556 10504.645867 10329.786153
102.010270 10581.283816 10406.095241
102.082632 10591.635758 10420.863670
102.205128 10612.851754 10445.888231
101.951500 10559.406550 10394.108352
102.686341 10727.350937 10544.484723
102.629048 10711.368257 10532.721415
102.699535 10721.895405 10547.194465
102.617273 10701.326109 10530.304662
102.156444 10612.504071 10435.939142
102.156087 10608.592670 10435.866102
101.871915 10550.653251 10377.887044
101.719583 10517.131175 10346.873634
101.517959 10474.630245 10305.896037
101.660800 10501.277552 10334.918257
102.033725 10580.932157 10410.881137
101.724615 10519.551185 10347.897375
101.426415 10460.356755 10287.317679
101.152593 10405.655511 10231.846988
101.022545 10377.116320 10205.554690
100.806071 10332.939421 10161.864037
100.922105 10354.099368 10185.271331
100.949310 10356.722655 10190.763259
101.158305 10398.682583 10233.002688
101.453667 10460.912113 10292.846480
101.338033 10435.509620 10269.396889
101.163226 10399.295755 10233.998256
100.967937 10359.562483 10194.524203
100.786562 10322.463219 10157.931181
100.396923 10251.259348 10079.542163
100.253333 10221.186424 10050.730844
100.063582 10183.008293 10012.720461
99.830294 10137.517582 9966.087624
100.071014 10187.093757 10014.207942
100.441714 10268.435851 10088.537969
100.294366 10237.843803 10058.959891
100.260556 10228.659578 10052.179000
100.048767 10187.048351 10009.755803
100.051081 10185.115919 10010.218825
99.814933 10139.712715 9963.020916
99.540526 10088.330726 9908.316379
99.385714 10057.018177 9877.520204
99.735641 10133.823359 9947.198091
99.525570 10093.044071 9905.339008
99.638750 10114.251225 9927.880502
99.856296 10159.135872 9971.279910
100.058293 10200.531976 10011.661935
99.829157 10156.760284 9965.860513
99.800714 10148.876871 9960.182572
99.558588 10103.311360 9911.912491
99.559767 10101.320712 9912.147293
99.567356 10100.662409 9913.658445
99.518182 10088.957809 9903.868512
99.409888 10066.367434 9882.325761
99.508000 10084.695547 9901.842064
99.714945 10127.768734 9943.070267
99.695870 10121.990396 9939.266408
99.683226 10117.519428 9936.745507
99.448511 10073.980545 9890.006268
99.521895 10087.151448 9904.607532
99.456667 10072.675158 9891.628544
99.429278 10065.433559 9886.181393
99.576531 10095.011784 9915.485449
99.561212 10090.170893 9912.434959
99.573200 10090.794960 9914.822158
