0.506394 0.256435 0.256435
0.505419 0.255449 0.255448
0.506531 0.256576 0.256573
0.503660 0.253700 0.253673
0.502191 0.252226 0.252196
0.500854 0.250889 0.250855
0.503536 0.253621 0.253548
0.504052 0.254134 0.254069
0.503583 0.253656 0.253596
0.501214 0.251320 0.251216
0.499985 0.250095 0.249985
0.500160 0.250261 0.250160
0.500513 0.250608 0.250513
0.500319 0.250408 0.250319
0.500069 0.250152 0.250069
0.502089 0.252233 0.252094
0.501955 0.252091 0.251959
0.502030 0.252158 0.252034
0.502410 0.252536 0.252415
0.502239 0.252359 0.252244
0.502193 0.252308 0.252198
0.502628 0.252744 0.252635
0.501909 0.252028 0.251913
0.501397 0.251516 0.251399
0.501469 0.251583 0.251471
0.500565 0.250693 0.250565
0.500407 0.250531 0.250407
0.500215 0.250336 0.250215
0.500182 0.250299 0.250182
0.500143 0.250256 0.250143
0.499822 0.249934 0.249822
0.499685 0.249794 0.249685
0.499734 0.249840 0.249734
0.499716 0.249819 0.249716
0.500207 0.250315 0.250207
0.500321 0.250427 0.250322
0.500405 0.250508 0.250405
0.500574 0.250676 0.250575
0.500453 0.250552 0.250453
0.500522 0.250619 0.250522
0.500891 0.250992 0.250892
0.501175 0.251278 0.251177
0.501354 0.251456 0.251356
0.501247 0.251347 0.251249
0.501008 0.251108 0.251009
0.501151 0.251250 0.251153
0.501207 0.251304 0.251208
0.501334 0.251430 0.251336
0.501198 0.251293 0.251200
0.501583 0.251684 0.251586
0.501586 0.251685 0.251588
0.501462 0.251560 0.251464
0.501321 0.251417 0.251323
0.501434 0.251530 0.251436
0.501337 0.251431 0.251339
0.501292 0.251384 0.251294
0.501591 0.251688 0.251594
0.501867 0.251967 0.251870
0.501889 0.251988 0.251893
0.501892 0.251989 0.251895
0.502039 0.252137 0.252043
0.502280 0.252381 0.252286
0.502342 0.252442 0.252348
0.502278 0.252376 0.252283
0.502368 0.252465 0.252373
0.502462 0.252560 0.252468
0.502576 0.252674 0.252583
0.502263 0.252364 0.252268
0.502119 0.252220 0.252124
0.502078 0.252177 0.252082
0.502065 0.252163 0.252069
0.501637 0.251745 0.251639
0.501591 0.251697 0.251594
0.501591 0.251696 0.251593
0.501622 0.251726 0.251625
0.501501 0.251604 0.251503
0.501553 0.251655 0.251555
0.501685 0.251788 0.251688
0.501712 0.251814 0.251715
0.501896 0.252000 0.251899
0.501825 0.251928 0.251828
0.501580 0.251686 0.251583
0.501557 0.251662 0.251560
0.501375 0.251480 0.251377
0.501241 0.251347 0.251243
0.501197 0.251301 0.251198
0.501336 0.251441 0.251338
0.501387 0.251491 0.251389
0.501342 0.251445 0.251344
0.501367 0.251469 0.251368
0.501434 0.251535 0.251436
0.501335 0.251436 0.251337
0.501397 0.251497 0.251399
0.501369 0.251468 0.251371
0.501288 0.251387 0.251290
0.501285 0.251382 0.251286
0.501435 0.251534 0.251437
0.501277 0.251377 0.251279
0.501490 0.251594 0.251492
0.501438 0.251541 0.251440
