0.083451 0.006964 0.006964
0.085009 0.007229 0.007227
0.084211 0.007094 0.007091
0.084504 0.007143 0.007141
0.084345 0.007116 0.007114
0.084608 0.007161 0.007159
0.084645 0.007166 0.007165
0.084177 0.007089 0.007086
0.083448 0.006970 0.006963
0.083264 0.006939 0.006933
0.083555 0.006988 0.006981
0.083601 0.006995 0.006989
0.083744 0.007019 0.007013
0.083660 0.007005 0.006999
0.083942 0.007053 0.007046
0.083913 0.007047 0.007041
0.083816 0.007031 0.007025
0.083804 0.007029 0.007023
0.083942 0.007052 0.007046
0.083802 0.007028 0.007023
0.083600 0.006995 0.006989
0.083315 0.006949 0.006941
0.083395 0.006962 0.006955
0.083407 0.006964 0.006957
0.083474 0.006975 0.006968
0.083522 0.006983 0.006976
0.083531 0.006984 0.006977
0.083606 0.006996 0.006990
0.083587 0.006993 0.006987
0.083498 0.006978 0.006972
0.083488 0.006976 0.006970
0.083571 0.006990 0.006984
0.083475 0.006974 0.006968
0.083503 0.006979 0.006973
0.083603 0.006996 0.006989
0.083526 0.006983 0.006977
0.083495 0.006977 0.006971
0.083462 0.006972 0.006966
0.083433 0.006967 0.006961
0.083472 0.006973 0.006968
0.083411 0.006963 0.006957
0.083397 0.006961 0.006955
0.083414 0.006963 0.006958
0.083471 0.006973 0.006967
0.083487 0.006975 0.006970
0.083396 0.006961 0.006955
0.083353 0.006953 0.006948
0.083429 0.006966 0.006960
0.083456 0.006971 0.006965
0.083479 0.006974 0.006969
0.083462 0.006971 0.006966
0.083526 0.006982 0.006977
0.083542 0.006985 0.006979
0.083563 0.006988 0.006983
0.083585 0.006992 0.006986
0.083611 0.006996 0.006991
0.083690 0.007010 0.007004
0.083715 0.007014 0.007008
0.083770 0.007023 0.007017
0.083751 0.007020 0.007014
0.083710 0.007013 0.007007
0.083743 0.007018 0.007013
0.083741 0.007018 0.007013
0.083772 0.007023 0.007018
0.083715 0.007014 0.007008
0.083685 0.007009 0.007003
0.083701 0.007011 0.007006
0.083702 0.007011 0.007006
0.083748 0.007019 0.007014
0.083762 0.007021 0.007016
0.083778 0.007024 0.007019
0.083769 0.007022 0.007017
0.083739 0.007017 0.007012
0.083759 0.007021 0.007016
0.083746 0.007019 0.007013
0.083732 0.007016 0.007011
0.083721 0.007014 0.007009
0.083723 0.007015 0.007010
0.083698 0.007010 0.007005
0.083693 0.007009 0.007005
0.083679 0.007007 0.007002
0.083614 0.006996 0.006991
0.083611 0.006996 0.006991
0.083614 0.006996 0.006991
0.083600 0.006994 0.006989
0.083634 0.007000 0.006995
0.083613 0.006996 0.006991
0.083640 0.007001 0.006996
0.083628 0.006999 0.006994
0.083622 0.006998 0.006993
0.083653 0.007003 0.006998
0.083602 0.006994 0.006989
0.083598 0.006994 0.006989
0.083591 0.006992 0.006987
0.083562 0.006988 0.006983
0.083561 0.006987 0.006983
0.083577 0.006990 0.006985
0.083545 0.006985 0.006980
0.083535 0.006983 0.006978
0.083541 0.006984 0.006979
